#
# A fatal error has been detected by the Java Runtime Environment:
#
#  EXCEPTION_ACCESS_VIOLATION (0xc0000005) at pc=0x00007ffeb1d1bdf1, pid=20868, tid=19336
#
# JRE version: Java(TM) SE Runtime Environment (23.0.2+7) (build 23.0.2+7-58)
# Java VM: Java HotSpot(TM) 64-Bit Server VM (23.0.2+7-58, mixed mode, sharing, tiered, compressed oops, compressed class ptrs, g1 gc, windows-amd64)
# Problematic frame:
# C  [awt.dll+0xdbdf1]
#
# No core dump will be written. Minidumps are not enabled by default on client versions of Windows
#
# If you would like to submit a bug report, please visit:
#   https://bugreport.java.com/bugreport/crash.jsp
# The crash happened outside the Java Virtual Machine in native code.
# See problematic frame for where to report the bug.
#

---------------  S U M M A R Y ------------

Command Line: -javaagent:C:\Program Files\JetBrains\IntelliJ IDEA 2024.3.5\lib\idea_rt.jar=64742 -Dfile.encoding=UTF-8 -Dsun.stdout.encoding=UTF-8 -Dsun.stderr.encoding=UTF-8 Owocobranie

Host: Intel(R) Core(TM) i5-8265U CPU @ 1.60GHz, 8 cores, 7G,  Windows 11 , 64 bit Build 26100 (10.0.26100.7019)
Time: Mon Dec  1 19:06:41 2025 Central European Standard Time elapsed time: 401.123242 seconds (0d 0h 6m 41s)

---------------  T H R E A D  ---------------

Current thread (0x0000024d10748ca0):  JavaThread "AWT-Windows" daemon [_thread_in_native, id=19336, stack(0x000000a3cc100000,0x000000a3cc200000) (1024K)]

Stack: [0x000000a3cc100000,0x000000a3cc200000],  sp=0x000000a3cc1feb90,  free space=1018k
Native frames: (J=compiled Java code, j=interpreted, Vv=VM code, C=native code)
C  [awt.dll+0xdbdf1]  (no source info available)
C  [awt.dll+0x9782c]  (no source info available)
C  [awt.dll+0x978d6]  (no source info available)
C  [awt.dll+0x94ca6]  (no source info available)
C  [awt.dll+0xe0f7c]  (no source info available)
C  [awt.dll+0xb0d2d]  (no source info available)
C  [awt.dll+0x97e0d]  (no source info available)
C  [USER32.dll+0x17846]  (no source info available)
C  [USER32.dll+0x1730c]  (no source info available)
C  [awt.dll+0x161c3]  (no source info available)
C  [COMCTL32.dll+0x2cec8]  (no source info available)
C  [COMCTL32.dll+0x2cc9f]  (no source info available)
C  [USER32.dll+0x17846]  (no source info available)
C  [USER32.dll+0x1539d]  (no source info available)
C  [awt.dll+0xd52fe]  (no source info available)
C  [awt.dll+0xd7232]  (no source info available)
C  0x0000024cbdcad207  (no source info available)

The last pc belongs to native method entry point (kind = native) (printed below).
Java frames: (J=compiled Java code, j=interpreted, Vv=VM code)
j  sun.awt.windows.WToolkit.eventLoop()V+0 java.desktop@23.0.2
j  sun.awt.windows.WToolkit.run()V+50 java.desktop@23.0.2
j  java.lang.Thread.runWith(Ljava/lang/Object;Ljava/lang/Runnable;)V+5 java.base@23.0.2
j  java.lang.Thread.run()V+19 java.base@23.0.2
v  ~StubRoutines::call_stub 0x0000024cbdca0fcd

siginfo: EXCEPTION_ACCESS_VIOLATION (0xc0000005), reading address 0x0000000000000008


Registers:
RAX=0x0000000000000000, RBX=0x0000024d10f0cbf0, RCX=0x0000000000000000, RDX=0x0000000000000000
RSP=0x000000a3cc1feb90, RBP=0x000000a3cc1fec99, RSI=0xfffffffff10110d4, RDI=0x0000000000000000
R8 =0x0000000000000001, R9 =0x000000a3ca7cf000, R10=0x0000000000000000, R11=0x0000000000000246
R12=0x0000000000000000, R13=0x0000000000000310, R14=0x0000000000000000, R15=0x0000000000000000
RIP=0x00007ffeb1d1bdf1, EFLAGS=0x0000000000010246


Register to memory mapping:

RAX=0x0 is null
RBX=0x0000024d10f0cbf0 points into unknown readable memory: 0x0000024d10a78340 | 40 83 a7 10 4d 02 00 00
RCX=0x0 is null
RDX=0x0 is null
RSP=0x000000a3cc1feb90 is pointing into the stack for thread: 0x0000024d10748ca0
RBP=0x000000a3cc1fec99 is pointing into the stack for thread: 0x0000024d10748ca0
RSI=0xfffffffff10110d4 is an unknown value
RDI=0x0 is null
R8 =0x0000000000000001 is an unknown value
R9 =0x000000a3ca7cf000 points into unknown readable memory: 0x0000000000000000 | 00 00 00 00 00 00 00 00
R10=0x0 is null
R11=0x0000000000000246 is an unknown value
R12=0x0 is null
R13=0x0000000000000310 is an unknown value
R14=0x0 is null
R15=0x0 is null

Top of Stack: (sp=0x000000a3cc1feb90)
0x000000a3cc1feb90:   00007ffeb1d79838 fffffffff10110d4
0x000000a3cc1feba0:   0000000000000000 0000000000000000
0x000000a3cc1febb0:   0000000000000000 00007ffeb1cd782c
0x000000a3cc1febc0:   fffffffff10110d4 0000024d10aed430
0x000000a3cc1febd0:   0000024d10f0cbf0 000000a3cc1fef08
0x000000a3cc1febe0:   0000000000000000 00007ffeb1cd78d6
0x000000a3cc1febf0:   0000024d10aed430 00007ffeb1c40000
0x000000a3cc1fec00:   000000a3cc1fecf8 00007ffed465cec8
0x000000a3cc1fec10:   0000000000000000 00007ffeb1cd4ca6
0x000000a3cc1fec20:   0000024d10aed430 0000000000000000
0x000000a3cc1fec30:   00007ffeb1cd7db0 00007ffeef0fa3ee
0x000000a3cc1fec40:   00007ffe81ebb690 00007ffeedb509c9
0x000000a3cc1fec50:   000000a3cc1fecf0 0000000000000001
0x000000a3cc1fec60:   0000000000000000 000000a3cc1fecf8
0x000000a3cc1fec70:   0000000000000000 0000000000000000
0x000000a3cc1fec80:   0000000000000000 0000024d10749060
0x000000a3cc1fec90:   0000024d10aed4d0 0000000000000000
0x000000a3cc1feca0:   0000000000000000 0000e13e1a0ae66a
0x000000a3cc1fecb0:   0000000000000000 0000000000000000
0x000000a3cc1fecc0:   0000000000000000 0000000000000000
0x000000a3cc1fecd0:   0000000000000000 0000000000000310
0x000000a3cc1fece0:   0000000000000000 0000024d10aed430
0x000000a3cc1fecf0:   0000024d10aed430 00007ffeb1d20f7c
0x000000a3cc1fed00:   0000000000000000 0000d07ac90aa7bd
0x000000a3cc1fed10:   00000309f427f188 0000000000000022
0x000000a3cc1fed20:   000000000000c247 0000000000000000
0x000000a3cc1fed30:   0000000000000000 00007ffeedb27a19
0x000000a3cc1fed40:   0000000000000000 0000000000000001
0x000000a3cc1fed50:   0000000000000022 00007ffeef0ea6af
0x000000a3cc1fed60:   000000000074079c 00007ffeedb28cfa
0x000000a3cc1fed70:   ffffffffffffffeb 0000e13e1a0ae74a
0x000000a3cc1fed80:   0000024cac452b20 0000000000000000 

Instructions: (pc=0x00007ffeb1d1bdf1)
0x00007ffeb1d1bcf1:   83 ec 28 66 0f 6e c2 0f 5b c0 f3 0f 59 41 48 0f
0x00007ffeb1d1bd01:   5a c8 f2 0f 10 05 cd 4e 03 00 f2 0f 5c 0d f5 4e
0x00007ffeb1d1bd11:   01 00 66 0f 2f c1 76 0a b8 00 00 00 80 48 83 c4
0x00007ffeb1d1bd21:   28 c3 66 0f 2f 0d 75 98 02 00 76 0a b8 ff ff ff
0x00007ffeb1d1bd31:   7f 48 83 c4 28 c3 0f 28 c1 e8 af 0e 01 00 f2 0f
0x00007ffeb1d1bd41:   2c c0 48 83 c4 28 c3 cc cc cc cc cc cc cc cc 48
0x00007ffeb1d1bd51:   83 ec 28 66 0f 6e c2 0f 5b c0 f3 0f 59 41 4c 0f
0x00007ffeb1d1bd61:   5a c8 f2 0f 10 05 6d 4e 03 00 f2 0f 5c 0d 95 4e
0x00007ffeb1d1bd71:   01 00 66 0f 2f c1 76 0a b8 00 00 00 80 48 83 c4
0x00007ffeb1d1bd81:   28 c3 66 0f 2f 0d 15 98 02 00 76 0a b8 ff ff ff
0x00007ffeb1d1bd91:   7f 48 83 c4 28 c3 0f 28 c1 e8 4f 0e 01 00 f2 0f
0x00007ffeb1d1bda1:   2c c0 48 83 c4 28 c3 cc cc cc cc cc cc cc cc 48
0x00007ffeb1d1bdb1:   8b 49 08 48 85 c9 0f 85 b3 7c fe ff 33 c0 c3 48
0x00007ffeb1d1bdc1:   89 5c 24 08 48 89 74 24 10 57 48 83 ec 20 8b fa
0x00007ffeb1d1bdd1:   48 8b f1 e8 c7 be f4 ff 48 8b d8 48 89 44 24 40
0x00007ffeb1d1bde1:   41 b8 01 00 00 00 8b d7 48 8b c8 e8 2f be f4 ff
0x00007ffeb1d1bdf1:   48 8b 48 08 48 85 c9 74 0d 48 8b d6 e8 6e 7c fe
0x00007ffeb1d1be01:   ff 48 8b f8 eb 02 33 ff 48 8b cb e8 4f c0 f4 ff
0x00007ffeb1d1be11:   90 48 8b c7 48 8b 5c 24 30 48 8b 74 24 38 48 83
0x00007ffeb1d1be21:   c4 20 5f c3 cc cc cc cc cc cc cc cc cc cc cc 48
0x00007ffeb1d1be31:   8b 01 89 10 c3 cc cc cc cc cc cc cc cc cc cc 40
0x00007ffeb1d1be41:   57 48 83 ec 40 48 83 79 38 00 48 8b f9 0f 84 96
0x00007ffeb1d1be51:   01 00 00 48 8b 0d c5 9f 06 00 ba 02 00 01 00 48
0x00007ffeb1d1be61:   89 5c 24 58 48 89 74 24 68 e8 40 d8 00 00 4c 8b
0x00007ffeb1d1be71:   05 22 a5 06 00 48 8b c8 48 8b 57 38 48 8b d8 4c
0x00007ffeb1d1be81:   8b 08 41 ff 91 f8 02 00 00 48 8b f0 48 85 c0 0f
0x00007ffeb1d1be91:   84 4a 01 00 00 4c 8b 0b 48 8b d0 4c 8b 05 e5 a4
0x00007ffeb1d1bea1:   06 00 48 8b cb 41 ff 91 00 01 00 00 84 c0 0f 84
0x00007ffeb1d1beb1:   2b 01 00 00 48 8b 7f 08 48 8b d6 48 8b 03 48 8b
0x00007ffeb1d1bec1:   cb 4c 8b 05 d7 a4 06 00 48 81 c7 00 04 00 00 48
0x00007ffeb1d1bed1:   89 6c 24 60 4c 89 64 24 38 ff 90 f8 02 00 00 4c
0x00007ffeb1d1bee1:   8b 0b 48 8b d6 4c 8b 05 bb a4 06 00 48 8b cb 4c 


Stack slot to memory mapping:

stack at sp + 0 slots: 0x00007ffeb1d79838 awt.dll
stack at sp + 1 slots: 0xfffffffff10110d4 is an unknown value
stack at sp + 2 slots: 0x0 is null
stack at sp + 3 slots: 0x0 is null
stack at sp + 4 slots: 0x0 is null
stack at sp + 5 slots: 0x00007ffeb1cd782c awt.dll
stack at sp + 6 slots: 0xfffffffff10110d4 is an unknown value
stack at sp + 7 slots: 0x0000024d10aed430 points into unknown readable memory: 0x00007ffeb1d4c860 | 60 c8 d4 b1 fe 7f 00 00

Lock stack of current Java thread (top to bottom):

native method entry point (kind = native)  [0x0000024cbdcacde0, 0x0000024cbdcad938]  2904 bytes
[MachCode]
  0x0000024cbdcacde0: 488b 4b08 | 0fb7 492e | 584c 8d74 | ccf8 6800 | 0000 0068 | 0000 0000 | 5055 488b | ec41 5568 
  0x0000024cbdcace00: 0000 0000 | 4c8b 6b08 | 4d8d 6d38 | 5348 8b53 | 0848 8b52 | 0848 8b52 | 1848 8b52 | 7048 8b12 
  0x0000024cbdcace20: 5248 8b53 | 1048 85d2 | 0f84 0700 | 0000 4881 | c210 0100 | 0052 488b | 5308 488b | 5208 488b 
  0x0000024cbdcace40: 5210 5249 | 8bc6 482b | c548 c1e8 | 0350 6800 | 0000 0068 | f7ff ffff | 41c6 8771 | 0400 0001 
  0x0000024cbdcace60: 488b 4310 | 4885 c074 | 208b 88cc | 0000 0083 | c102 8988 | cc00 0000 | 2388 e000 | 0000 0f84 
  0x0000024cbdcace80: 000a 0000 | e9cf 0000 | 0048 8b43 | 1848 85c0 | 0f85 b000 | 0000 e805 | 0000 00e9 | 9900 0000 
  0x0000024cbdcacea0: 488b d348 | 8d44 2408 | 4c89 6dc0 | 498b cfc5 | f877 4989 | afb0 0300 | 0049 8987 | a003 0000 
  0x0000024cbdcacec0: 4883 ec20 | 40f6 c40f | 0f84 1900 | 0000 4883 | ec08 48b8 | 8028 eb81 | fe7f 0000 | ffd0 4883 
  0x0000024cbdcacee0: c408 e90c | 0000 0048 | b880 28eb | 81fe 7f00 | 00ff d048 | 83c4 2049 | c787 a003 | 0000 0000 
  0x0000024cbdcacf00: 0000 49c7 | 87b0 0300 | 0000 0000 | 0049 c787 | a803 0000 | 0000 0000 | c5f8 7749 | 837f 0800 
  0x0000024cbdcacf20: 0f84 0500 | 0000 e995 | 3fff ff4c | 8b6d c04c | 8b75 c84e | 8d74 f500 | c348 8b43 | 1848 85c0 
  0x0000024cbdcacf40: 0f84 1200 | 0000 8b48 | 0883 c102 | 8948 0823 | 481c 0f84 | 2c09 0000 | 493b a7e8 | 0400 000f 
  0x0000024cbdcacf60: 8748 0000 | 0089 8424 | 00f0 ffff | 8984 2400 | e0ff ff89 | 8424 00d0 | ffff 8984 | 2400 c0ff 
  0x0000024cbdcacf80: ff89 8424 | 00b0 ffff | 8984 2400 | a0ff ff89 | 8424 0090 | ffff 8984 | 2400 80ff | ff49 3ba7 
  0x0000024cbdcacfa0: e004 0000 | 7607 4989 | a7e8 0400 | 0041 c687 | 7104 0000 | 0049 ba41 | bd72 82fe | 7f00 0041 
  0x0000024cbdcacfc0: 803a 000f | 843e 0000 | 0048 8b55 | e849 8bcf | 4883 ec20 | 40f6 c40f | 0f84 1900 | 0000 4883 
  0x0000024cbdcacfe0: ec08 48b8 | f0f0 2282 | fe7f 0000 | ffd0 4883 | c408 e90c | 0000 0048 | b8f0 f022 | 82fe 7f00 
  0x0000024cbdcad000: 00ff d048 | 83c4 2048 | 8b5d e84c | 8b5b 0845 | 0fb7 5b2e | 41c1 e303 | 492b e348 | 83ec 2048 
  0x0000024cbdcad020: 83e4 f04c | 8b5b 604d | 85db 0f85 | ab00 0000 | e805 0000 | 00e9 9900 | 0000 488b | d348 8d44 
  0x0000024cbdcad040: 2408 4c89 | 6dc0 498b | cfc5 f877 | 4989 afb0 | 0300 0049 | 8987 a003 | 0000 4883 | ec20 40f6 
  0x0000024cbdcad060: c40f 0f84 | 1900 0000 | 4883 ec08 | 48b8 e04f | eb81 fe7f | 0000 ffd0 | 4883 c408 | e90c 0000 
  0x0000024cbdcad080: 0048 b8e0 | 4feb 81fe | 7f00 00ff | d048 83c4 | 2049 c787 | a003 0000 | 0000 0000 | 49c7 87b0 
  0x0000024cbdcad0a0: 0300 0000 | 0000 0049 | c787 a803 | 0000 0000 | 0000 c5f8 | 7749 837f | 0800 0f84 | 0500 0000 
  0x0000024cbdcad0c0: e9fb 3dff | ff4c 8b6d | c04c 8b75 | c84e 8d74 | f500 c348 | 8b5d e84c | 8b5b 6041 | ffd3 488b 
  0x0000024cbdcad0e0: 5de8 4889 | 4518 448b | 5b28 41f6 | c308 0f84 | 1b00 0000 | 4c8b 5b08 | 4d8b 5b08 | 4d8b 5b18 
  0x0000024cbdcad100: 4d8b 5b70 | 4d8b 1b4c | 895d 1048 | 8d55 1048 | 8b43 5849 | ba40 3f23 | 82fe 7f00 | 0049 3bc2 
  0x0000024cbdcad120: 0f85 ab00 | 0000 e805 | 0000 00e9 | 9900 0000 | 488b d348 | 8d44 2408 | 4c89 6dc0 | 498b cfc5 
  0x0000024cbdcad140: f877 4989 | afb0 0300 | 0049 8987 | a003 0000 | 4883 ec20 | 40f6 c40f | 0f84 1900 | 0000 4883 
  0x0000024cbdcad160: ec08 48b8 | e04f eb81 | fe7f 0000 | ffd0 4883 | c408 e90c | 0000 0048 | b8e0 4feb | 81fe 7f00 
  0x0000024cbdcad180: 00ff d048 | 83c4 2049 | c787 a003 | 0000 0000 | 0000 49c7 | 87b0 0300 | 0000 0000 | 0049 c787 
  0x0000024cbdcad1a0: a803 0000 | 0000 0000 | c5f8 7749 | 837f 0800 | 0f84 0500 | 0000 e905 | 3dff ff4c | 8b6d c04c 
  0x0000024cbdcad1c0: 8b75 c84e | 8d74 f500 | c348 8b5d | e848 8b43 | 5849 8d8f | c003 0000 | c5f8 7749 | 89af b003 
  0x0000024cbdcad1e0: 0000 49ba | d8d1 cabd | 4c02 0000 | 4d89 97a8 | 0300 0049 | 89a7 a003 | 0000 41c7 | 8744 0400 
  0x0000024cbdcad200: 0004 0000 | 00ff d0c5 | f877 4883 | ec10 c5fb | 1104 2448 | 83ec 1048 | 8904 2448 | c744 2408 
  0x0000024cbdcad220: 0000 0000 | 41c7 8744 | 0400 0005 | 0000 00f0 | 8344 24c0 | 0049 3baf | 4804 0000 | 0f87 0e00 
  0x0000024cbdcad240: 0000 4183 | bf40 0400 | 0000 0f84 | 2000 0000 | 498b cf4c | 8be4 4883 | ec20 4883 | e4f0 48b8 
  0x0000024cbdcad260: 80ab ec81 | fe7f 0000 | ffd0 498b | e44d 33e4 | 41c7 8744 | 0400 0008 | 0000 0049 | c787 a003 
  0x0000024cbdcad280: 0000 0000 | 0000 49c7 | 87b0 0300 | 0000 0000 | 0049 c787 | a803 0000 | 0000 0000 | c5f8 774d 
  0x0000024cbdcad2a0: 8b9f 3004 | 0000 41c7 | 8300 0100 | 0000 0000 | 0049 bbda | a5ca bd4c | 0200 004c | 3b5d 180f 
  0x0000024cbdcad2c0: 8524 0200 | 0048 8b04 | 2448 83c4 | 1048 85c0 | 0f84 fe01 | 0000 a803 | 0f85 0800 | 0000 488b 
  0x0000024cbdcad2e0: 00e9 ee01 | 0000 a801 | 0f85 0900 | 0000 488b | 40fe e9dd | 0100 0048 | 8b40 ff41 | 807f 3800 
  0x0000024cbdcad300: 0f84 ce01 | 0000 4883 | f800 0f84 | c401 0000 | 4d8b 5f28 | 4983 fb00 | 0f84 1400 | 0000 4983 
  0x0000024cbdcad320: eb08 4d89 | 5f28 4d03 | 5f30 4989 | 03e9 a201 | 0000 4881 | ecd0 0000 | 0048 8904 | 2448 894c 
  0x0000024cbdcad340: 2408 4889 | 5424 1048 | 8974 2418 | 4889 7c24 | 204c 8944 | 2428 4c89 | 4c24 304c | 8954 2438 
  0x0000024cbdcad360: 4c89 5c24 | 40c5 fb11 | 4424 50c5 | fb11 4c24 | 58c5 fb11 | 5424 60c5 | fb11 5c24 | 68c5 fb11 
  0x0000024cbdcad380: 6424 70c5 | fb11 6c24 | 78c5 fb11 | b424 8000 | 0000 c5fb | 11bc 2488 | 0000 00c5 | 7b11 8424 
  0x0000024cbdcad3a0: 9000 0000 | c57b 118c | 2498 0000 | 00c5 7b11 | 9424 a000 | 0000 c57b | 119c 24a8 | 0000 00c5 
  0x0000024cbdcad3c0: 7b11 a424 | b000 0000 | c57b 11ac | 24b8 0000 | 00c5 7b11 | b424 c000 | 0000 c57b | 11bc 24c8 
  0x0000024cbdcad3e0: 0000 0049 | 8bd7 488b | c848 83ec | 2040 f6c4 | 0f0f 8419 | 0000 0048 | 83ec 0848 | b800 09e0 
  0x0000024cbdcad400: 81fe 7f00 | 00ff d048 | 83c4 08e9 | 0c00 0000 | 48b8 0009 | e081 fe7f | 0000 ffd0 | 4883 c420 
  0x0000024cbdcad420: c57b 10bc | 24c8 0000 | 00c5 7b10 | b424 c000 | 0000 c57b | 10ac 24b8 | 0000 00c5 | 7b10 a424 
  0x0000024cbdcad440: b000 0000 | c57b 109c | 24a8 0000 | 00c5 7b10 | 9424 a000 | 0000 c57b | 108c 2498 | 0000 00c5 
  0x0000024cbdcad460: 7b10 8424 | 9000 0000 | c5fb 10bc | 2488 0000 | 00c5 fb10 | b424 8000 | 0000 c5fb | 106c 2478 
  0x0000024cbdcad480: c5fb 1064 | 2470 c5fb | 105c 2468 | c5fb 1054 | 2460 c5fb | 104c 2458 | c5fb 1044 | 2450 4c8b 
  0x0000024cbdcad4a0: 5c24 404c | 8b54 2438 | 4c8b 4c24 | 304c 8b44 | 2428 488b | 7c24 2048 | 8b74 2418 | 488b 5424 
  0x0000024cbdcad4c0: 1048 8b4c | 2408 488b | 0424 4881 | c4d0 0000 | 00c5 f877 | 4889 4510 | 4883 ec10 | 4889 0424 
  0x0000024cbdcad4e0: 48c7 4424 | 0800 0000 | 0041 83bf | c804 0000 | 020f 85bf | 0000 0048 | 81ec 8000 | 0000 4889 
  0x0000024cbdcad500: 4424 7848 | 894c 2470 | 4889 5424 | 6848 895c | 2460 4889 | 6c24 5048 | 8974 2448 | 4889 7c24 
  0x0000024cbdcad520: 404c 8944 | 2438 4c89 | 4c24 304c | 8954 2428 | 4c89 5c24 | 204c 8964 | 2418 4c89 | 6c24 104c 
  0x0000024cbdcad540: 8974 2408 | 4c89 3c24 | 4c8b e448 | 83ec 2048 | 83e4 f048 | b8a0 2523 | 82fe 7f00 | 00ff d049 
  0x0000024cbdcad560: 8be4 4c8b | 3c24 4c8b | 7424 084c | 8b6c 2410 | 4c8b 6424 | 184c 8b5c | 2420 4c8b | 5424 284c 
  0x0000024cbdcad580: 8b4c 2430 | 4c8b 4424 | 3848 8b7c | 2440 488b | 7424 4848 | 8b6c 2450 | 488b 5c24 | 6048 8b54 
  0x0000024cbdcad5a0: 2468 488b | 4c24 7048 | 8b44 2478 | 4881 c480 | 0000 004d | 33e4 488b | 5de8 4c8b | 6b08 4d8d 
  0x0000024cbdcad5c0: 6d38 4983 | 7f08 000f | 84bb 0000 | 00e8 0500 | 0000 e996 | 0000 0048 | 8d44 2408 | 4c89 6dc0 
  0x0000024cbdcad5e0: 498b cfc5 | f877 4989 | afb0 0300 | 0049 8987 | a003 0000 | 4883 ec20 | 40f6 c40f | 0f84 1900 
  0x0000024cbdcad600: 0000 4883 | ec08 48b8 | f06d eb81 | fe7f 0000 | ffd0 4883 | c408 e90c | 0000 0048 | b8f0 6deb 
  0x0000024cbdcad620: 81fe 7f00 | 00ff d048 | 83c4 2049 | c787 a003 | 0000 0000 | 0000 49c7 | 87b0 0300 | 0000 0000 
  0x0000024cbdcad640: 0049 c787 | a803 0000 | 0000 0000 | c5f8 7749 | 837f 0800 | 0f84 0500 | 0000 e961 | 38ff ff4c 
  0x0000024cbdcad660: 8b6d c04c | 8b75 c84e | 8d74 f500 | c348 b940 | e54a 82fe | 7f00 0048 | 83e4 f048 | b850 4d11 
  0x0000024cbdcad680: 82fe 7f00 | 00ff d0f4 | 448b 5b28 | 41f6 c320 | 0f84 7901 | 0000 488d | 55a8 4c8b | 5a08 4d85 
  0x0000024cbdcad6a0: db0f 85bb | 0000 00e8 | 0500 0000 | e996 0000 | 0048 8d44 | 2408 4c89 | 6dc0 498b | cfc5 f877 
  0x0000024cbdcad6c0: 4989 afb0 | 0300 0049 | 8987 a003 | 0000 4883 | ec20 40f6 | c40f 0f84 | 1900 0000 | 4883 ec08 
  0x0000024cbdcad6e0: 48b8 206d | eb81 fe7f | 0000 ffd0 | 4883 c408 | e90c 0000 | 0048 b820 | 6deb 81fe | 7f00 00ff 
  0x0000024cbdcad700: d048 83c4 | 2049 c787 | a003 0000 | 0000 0000 | 49c7 87b0 | 0300 0000 | 0000 0049 | c787 a803 
  0x0000024cbdcad720: 0000 0000 | 0000 c5f8 | 7749 837f | 0800 0f84 | 0500 0000 | e987 37ff | ff4c 8b6d | c04c 8b75 
  0x0000024cbdcad740: c84e 8d74 | f500 c348 | b940 e54a | 82fe 7f00 | 0048 83e4 | f048 b850 | 4d11 82fe | 7f00 00ff 
  0x0000024cbdcad760: d0f4 4c89 | 6dc0 4c8b | 4a08 48c7 | 4208 0000 | 0000 458b | 8718 0600 | 004f 3b4c | 07f8 0f85 
  0x0000024cbdcad780: 4900 0000 | 4183 af18 | 0600 0008 | 4f3b 4c07 | f00f 842a | 0000 0049 | 8b01 a802 | 0f85 1200 
  0x0000024cbdcad7a0: 0000 4c8b | c049 83c8 | 01f0 4d0f | b101 0f84 | 0d00 0000 | 4183 8718 | 0600 0008 | e90c 0000 
  0x0000024cbdcad7c0: 0049 ff8f | 5005 0000 | e93e 0000 | 004c 894a | 0848 8bca | 4883 ec20 | 40f6 c40f | 0f84 1900 
  0x0000024cbdcad7e0: 0000 4883 | ec08 48b8 | e03f eb81 | fe7f 0000 | ffd0 4883 | c408 e90c | 0000 0048 | b8e0 3feb 
  0x0000024cbdcad800: 81fe 7f00 | 00ff d048 | 83c4 204c | 8b6d c049 | ba41 bd72 | 82fe 7f00 | 0041 803a | 000f 843e 
  0x0000024cbdcad820: 0000 0048 | 8b55 e849 | 8bcf 4883 | ec20 40f6 | c40f 0f84 | 1900 0000 | 4883 ec08 | 48b8 f0f0 
  0x0000024cbdcad840: 2282 fe7f | 0000 ffd0 | 4883 c408 | e90c 0000 | 0048 b8f0 | f022 82fe | 7f00 00ff | d048 83c4 
  0x0000024cbdcad860: 2048 8b04 | 2448 83c4 | 10c5 fb10 | 0424 4883 | c410 4c8b | 5d18 41ff | d34c 8b5d | f8c9 5f49 
  0x0000024cbdcad880: 8be3 ffe7 | ba00 0000 | 00e8 0500 | 0000 e996 | 0000 0048 | 8d44 2408 | 4c89 6dc0 | 498b cfc5 
  0x0000024cbdcad8a0: f877 4989 | afb0 0300 | 0049 8987 | a003 0000 | 4883 ec20 | 40f6 c40f | 0f84 1900 | 0000 4883 
  0x0000024cbdcad8c0: ec08 48b8 | 9033 eb81 | fe7f 0000 | ffd0 4883 | c408 e90c | 0000 0048 | b890 33eb | 81fe 7f00 
  0x0000024cbdcad8e0: 00ff d048 | 83c4 2049 | c787 a003 | 0000 0000 | 0000 49c7 | 87b0 0300 | 0000 0000 | 0049 c787 
  0x0000024cbdcad900: a803 0000 | 0000 0000 | c5f8 7749 | 837f 0800 | 0f84 0500 | 0000 e9a5 | 35ff ff4c | 8b6d c04c 
  0x0000024cbdcad920: 8b75 c84e | 8d74 f500 | c348 8b5d | e8e9 26f6 | ffff 660f | 1f44 0000 
[/MachCode]

---------------  P R O C E S S  ---------------

Threads class SMR info:
_java_thread_list=0x0000024d11a437a0, length=21, elements={
0x0000024ccad32a30, 0x0000024ccad33690, 0x0000024ccad38a50, 0x0000024ccad394b0,
0x0000024ccad39f10, 0x0000024ccad42ab0, 0x0000024ccad4a460, 0x0000024ccad4af10,
0x0000024ccad05cc0, 0x0000024d1023c7b0, 0x0000024d1023ce20, 0x0000024d107403e0,
0x0000024d10747fc0, 0x0000024d10748ca0, 0x0000024d107625e0, 0x0000024cae029bf0,
0x0000024d10935550, 0x0000024d10b24db0, 0x0000024d10b84290, 0x0000024d10c642f0,
0x0000024d10c635d0
}

Java Threads: ( => current thread )
  0x0000024ccad32a30 JavaThread "Reference Handler"          daemon [_thread_blocked, id=8732, stack(0x000000a3cb400000,0x000000a3cb500000) (1024K)]
  0x0000024ccad33690 JavaThread "Finalizer"                  daemon [_thread_blocked, id=18296, stack(0x000000a3cb500000,0x000000a3cb600000) (1024K)]
  0x0000024ccad38a50 JavaThread "Signal Dispatcher"          daemon [_thread_blocked, id=20956, stack(0x000000a3cb600000,0x000000a3cb700000) (1024K)]
  0x0000024ccad394b0 JavaThread "Attach Listener"            daemon [_thread_blocked, id=13856, stack(0x000000a3cb700000,0x000000a3cb800000) (1024K)]
  0x0000024ccad39f10 JavaThread "Service Thread"             daemon [_thread_blocked, id=7308, stack(0x000000a3cb800000,0x000000a3cb900000) (1024K)]
  0x0000024ccad42ab0 JavaThread "Monitor Deflation Thread"   daemon [_thread_blocked, id=19724, stack(0x000000a3cb900000,0x000000a3cba00000) (1024K)]
  0x0000024ccad4a460 JavaThread "C2 CompilerThread0"         daemon [_thread_blocked, id=17788, stack(0x000000a3cba00000,0x000000a3cbb00000) (1024K)]
  0x0000024ccad4af10 JavaThread "C1 CompilerThread0"         daemon [_thread_blocked, id=19740, stack(0x000000a3cbb00000,0x000000a3cbc00000) (1024K)]
  0x0000024ccad05cc0 JavaThread "Common-Cleaner"             daemon [_thread_blocked, id=4072, stack(0x000000a3cbc00000,0x000000a3cbd00000) (1024K)]
  0x0000024d1023c7b0 JavaThread "Monitor Ctrl-Break"         daemon [_thread_in_native, id=1720, stack(0x000000a3cbd00000,0x000000a3cbe00000) (1024K)]
  0x0000024d1023ce20 JavaThread "Notification Thread"        daemon [_thread_blocked, id=9064, stack(0x000000a3cbe00000,0x000000a3cbf00000) (1024K)]
  0x0000024d107403e0 JavaThread "Java2D Disposer"            daemon [_thread_blocked, id=9716, stack(0x000000a3cbf00000,0x000000a3cc000000) (1024K)]
  0x0000024d10747fc0 JavaThread "AWT-Shutdown"                      [_thread_blocked, id=18808, stack(0x000000a3cc000000,0x000000a3cc100000) (1024K)]
=>0x0000024d10748ca0 JavaThread "AWT-Windows"                daemon [_thread_in_native, id=19336, stack(0x000000a3cc100000,0x000000a3cc200000) (1024K)]
  0x0000024d107625e0 JavaThread "AWT-EventQueue-0"                  [_thread_in_native, id=5068, stack(0x000000a3cc200000,0x000000a3cc300000) (1024K)]
  0x0000024cae029bf0 JavaThread "DestroyJavaVM"                     [_thread_blocked, id=12752, stack(0x000000a3cac00000,0x000000a3cad00000) (1024K)]
  0x0000024d10935550 JavaThread "TimerQueue"                 daemon [_thread_blocked, id=7240, stack(0x000000a3cc500000,0x000000a3cc600000) (1024K)]
  0x0000024d10b24db0 JavaThread "RMI TCP Accept-0"           daemon [_thread_in_native, id=21424, stack(0x000000a3cc600000,0x000000a3cc700000) (1024K)]
  0x0000024d10b84290 JavaThread "RMI TCP Connection(3)-127.0.0.1" daemon [_thread_in_native, id=9748, stack(0x000000a3cc700000,0x000000a3cc800000) (1024K)]
  0x0000024d10c642f0 JavaThread "RMI Scheduler(0)"           daemon [_thread_blocked, id=832, stack(0x000000a3cc800000,0x000000a3cc900000) (1024K)]
  0x0000024d10c635d0 JavaThread "JMX server connection timeout 34" daemon [_thread_blocked, id=19492, stack(0x000000a3cc900000,0x000000a3cca00000) (1024K)]
Total: 21

Other Threads:
  0x0000024ccad1a6f0 VMThread "VM Thread"                           [id=16900, stack(0x000000a3cb300000,0x000000a3cb400000) (1024K)]
  0x0000024ccad04e30 WatcherThread "VM Periodic Task Thread"        [id=3604, stack(0x000000a3cb200000,0x000000a3cb300000) (1024K)]
  0x0000024cae080070 WorkerThread "GC Thread#0"                     [id=20428, stack(0x000000a3cad00000,0x000000a3cae00000) (1024K)]
  0x0000024d10e6f470 WorkerThread "GC Thread#1"                     [id=8252, stack(0x000000a3cca00000,0x000000a3ccb00000) (1024K)]
  0x0000024d10e70730 WorkerThread "GC Thread#2"                     [id=9348, stack(0x000000a3ccb00000,0x000000a3ccc00000) (1024K)]
  0x0000024d10e6f870 WorkerThread "GC Thread#3"                     [id=12812, stack(0x000000a3ccc00000,0x000000a3ccd00000) (1024K)]
  0x0000024d10e6fc20 WorkerThread "GC Thread#4"                     [id=2356, stack(0x000000a3ccd00000,0x000000a3cce00000) (1024K)]
  0x0000024d10e6ffd0 WorkerThread "GC Thread#5"                     [id=5112, stack(0x000000a3cce00000,0x000000a3ccf00000) (1024K)]
  0x0000024d10e70380 WorkerThread "GC Thread#6"                     [id=19940, stack(0x000000a3ccf00000,0x000000a3cd000000) (1024K)]
  0x0000024d10e70ae0 WorkerThread "GC Thread#7"                     [id=16256, stack(0x000000a3cd000000,0x000000a3cd100000) (1024K)]
  0x0000024cae094b20 ConcurrentGCThread "G1 Main Marker"            [id=19712, stack(0x000000a3cae00000,0x000000a3caf00000) (1024K)]
  0x0000024cae096550 WorkerThread "G1 Conc#0"                       [id=11336, stack(0x000000a3caf00000,0x000000a3cb000000) (1024K)]
  0x0000024cae0eeb00 ConcurrentGCThread "G1 Refine#0"               [id=13352, stack(0x000000a3cb000000,0x000000a3cb100000) (1024K)]
  0x0000024ccabc68e0 ConcurrentGCThread "G1 Service"                [id=3028, stack(0x000000a3cb100000,0x000000a3cb200000) (1024K)]
Total: 14

Threads with active compile tasks:
Total: 0

VM state: not at safepoint (normal execution)

VM Mutex/Monitor currently owned by a thread: None

Heap address: 0x0000000082400000, size: 2012 MB, Compressed Oops mode: 32-bit

CDS archive(s) mapped at: [0x0000024ccb000000-0x0000024ccbd70000-0x0000024ccbd70000), size 14090240, SharedBaseAddress: 0x0000024ccb000000, ArchiveRelocationMode: 1.
Compressed class space mapped at: 0x0000024ccc000000-0x0000024d0c000000, reserved size: 1073741824
Narrow klass base: 0x0000024ccb000000, Narrow klass shift: 0, Narrow klass range: 0x41000000

GC Precious Log:
 CardTable entry size: 512
 Card Set container configuration: InlinePtr #cards 5 size 8 Array Of Cards #cards 10 size 36 Howl #buckets 4 coarsen threshold 1843 Howl Bitmap #cards 512 size 80 coarsen threshold 460 Card regions per heap region 1 cards per card region 2048
 CPUs: 8 total, 8 available
 Memory: 8043M
 Large Page Support: Disabled
 NUMA Support: Disabled
 Compressed Oops: Enabled (32-bit)
 Heap Region Size: 1M
 Heap Min Capacity: 8M
 Heap Initial Capacity: 126M
 Heap Max Capacity: 2012M
 Pre-touch: Disabled
 Parallel Workers: 8
 Concurrent Workers: 2
 Concurrent Refinement Workers: 8
 Periodic GC: Disabled

Heap:
 garbage-first heap   total reserved 2060288K, committed 129024K, used 70971K [0x0000000082400000, 0x0000000100000000)
  region size 1024K, 52 young (53248K), 1 survivors (1024K)
 Metaspace       used 14273K, committed 14656K, reserved 1114112K
  class space    used 1500K, committed 1664K, reserved 1048576K

Heap Regions: E=young(eden), S=young(survivor), O=old, HS=humongous(starts), HC=humongous(continues), CS=collection set, F=free, TAMS=top-at-mark-start, PB=parsable bottom
|   0|0x0000000082400000, 0x0000000082500000, 0x0000000082500000|100%|HS|  |TAMS 0x0000000082400000| PB 0x0000000082400000| Complete |  0
|   1|0x0000000082500000, 0x0000000082600000, 0x0000000082600000|100%|HC|  |TAMS 0x0000000082500000| PB 0x0000000082500000| Complete |  0
|   2|0x0000000082600000, 0x0000000082700000, 0x0000000082700000|100%|HC|  |TAMS 0x0000000082600000| PB 0x0000000082600000| Complete |  0
|   3|0x0000000082700000, 0x0000000082800000, 0x0000000082800000|100%| O|  |TAMS 0x0000000082700000| PB 0x0000000082700000| Untracked |  0
|   4|0x0000000082800000, 0x0000000082900000, 0x0000000082900000|100%| O|  |TAMS 0x0000000082800000| PB 0x0000000082800000| Untracked |  0
|   5|0x0000000082900000, 0x0000000082a00000, 0x0000000082a00000|100%| O|  |TAMS 0x0000000082900000| PB 0x0000000082900000| Untracked |  0
|   6|0x0000000082a00000, 0x0000000082b00000, 0x0000000082b00000|100%|HS|  |TAMS 0x0000000082a00000| PB 0x0000000082a00000| Complete |  0
|   7|0x0000000082b00000, 0x0000000082c00000, 0x0000000082c00000|100%|HC|  |TAMS 0x0000000082b00000| PB 0x0000000082b00000| Complete |  0
|   8|0x0000000082c00000, 0x0000000082d00000, 0x0000000082d00000|100%|HC|  |TAMS 0x0000000082c00000| PB 0x0000000082c00000| Complete |  0
|   9|0x0000000082d00000, 0x0000000082e00000, 0x0000000082e00000|100%|HC|  |TAMS 0x0000000082d00000| PB 0x0000000082d00000| Complete |  0
|  10|0x0000000082e00000, 0x0000000082f00000, 0x0000000082f00000|100%|HC|  |TAMS 0x0000000082e00000| PB 0x0000000082e00000| Complete |  0
|  11|0x0000000082f00000, 0x0000000083000000, 0x0000000083000000|100%|HC|  |TAMS 0x0000000082f00000| PB 0x0000000082f00000| Complete |  0
|  12|0x0000000083000000, 0x0000000083100000, 0x0000000083100000|100%|HC|  |TAMS 0x0000000083000000| PB 0x0000000083000000| Complete |  0
|  13|0x0000000083100000, 0x0000000083200000, 0x0000000083200000|100%|HC|  |TAMS 0x0000000083100000| PB 0x0000000083100000| Complete |  0
|  14|0x0000000083200000, 0x0000000083300000, 0x0000000083300000|100%| O|  |TAMS 0x0000000083200000| PB 0x0000000083200000| Untracked |  0
|  15|0x0000000083300000, 0x0000000083400000, 0x0000000083400000|100%| O|  |TAMS 0x0000000083300000| PB 0x0000000083300000| Untracked |  0
|  16|0x0000000083400000, 0x0000000083500000, 0x0000000083500000|100%| O|  |TAMS 0x0000000083400000| PB 0x0000000083400000| Untracked |  0
|  17|0x0000000083500000, 0x0000000083600000, 0x0000000083600000|100%| O|  |TAMS 0x0000000083500000| PB 0x0000000083500000| Untracked |  0
|  18|0x0000000083600000, 0x00000000836c0030, 0x0000000083700000| 75%| O|  |TAMS 0x0000000083600000| PB 0x0000000083600000| Untracked |  0
|  19|0x0000000083700000, 0x0000000083700000, 0x0000000083800000|  0%| F|  |TAMS 0x0000000083700000| PB 0x0000000083700000| Untracked |  0
|  20|0x0000000083800000, 0x0000000083800000, 0x0000000083900000|  0%| F|  |TAMS 0x0000000083800000| PB 0x0000000083800000| Untracked |  0
|  21|0x0000000083900000, 0x0000000083900000, 0x0000000083a00000|  0%| F|  |TAMS 0x0000000083900000| PB 0x0000000083900000| Untracked |  0
|  22|0x0000000083a00000, 0x0000000083a00000, 0x0000000083b00000|  0%| F|  |TAMS 0x0000000083a00000| PB 0x0000000083a00000| Untracked |  0
|  23|0x0000000083b00000, 0x0000000083b00000, 0x0000000083c00000|  0%| F|  |TAMS 0x0000000083b00000| PB 0x0000000083b00000| Untracked |  0
|  24|0x0000000083c00000, 0x0000000083c00000, 0x0000000083d00000|  0%| F|  |TAMS 0x0000000083c00000| PB 0x0000000083c00000| Untracked |  0
|  25|0x0000000083d00000, 0x0000000083d00000, 0x0000000083e00000|  0%| F|  |TAMS 0x0000000083d00000| PB 0x0000000083d00000| Untracked |  0
|  26|0x0000000083e00000, 0x0000000083e00000, 0x0000000083f00000|  0%| F|  |TAMS 0x0000000083e00000| PB 0x0000000083e00000| Untracked |  0
|  27|0x0000000083f00000, 0x0000000083f00000, 0x0000000084000000|  0%| F|  |TAMS 0x0000000083f00000| PB 0x0000000083f00000| Untracked |  0
|  28|0x0000000084000000, 0x0000000084000000, 0x0000000084100000|  0%| F|  |TAMS 0x0000000084000000| PB 0x0000000084000000| Untracked |  0
|  29|0x0000000084100000, 0x0000000084100000, 0x0000000084200000|  0%| F|  |TAMS 0x0000000084100000| PB 0x0000000084100000| Untracked |  0
|  30|0x0000000084200000, 0x0000000084200000, 0x0000000084300000|  0%| F|  |TAMS 0x0000000084200000| PB 0x0000000084200000| Untracked |  0
|  31|0x0000000084300000, 0x0000000084300000, 0x0000000084400000|  0%| F|  |TAMS 0x0000000084300000| PB 0x0000000084300000| Untracked |  0
|  32|0x0000000084400000, 0x0000000084400000, 0x0000000084500000|  0%| F|  |TAMS 0x0000000084400000| PB 0x0000000084400000| Untracked |  0
|  33|0x0000000084500000, 0x0000000084500000, 0x0000000084600000|  0%| F|  |TAMS 0x0000000084500000| PB 0x0000000084500000| Untracked |  0
|  34|0x0000000084600000, 0x0000000084600000, 0x0000000084700000|  0%| F|  |TAMS 0x0000000084600000| PB 0x0000000084600000| Untracked |  0
|  35|0x0000000084700000, 0x0000000084700000, 0x0000000084800000|  0%| F|  |TAMS 0x0000000084700000| PB 0x0000000084700000| Untracked |  0
|  36|0x0000000084800000, 0x0000000084800000, 0x0000000084900000|  0%| F|  |TAMS 0x0000000084800000| PB 0x0000000084800000| Untracked |  0
|  37|0x0000000084900000, 0x0000000084900000, 0x0000000084a00000|  0%| F|  |TAMS 0x0000000084900000| PB 0x0000000084900000| Untracked |  0
|  38|0x0000000084a00000, 0x0000000084a00000, 0x0000000084b00000|  0%| F|  |TAMS 0x0000000084a00000| PB 0x0000000084a00000| Untracked |  0
|  39|0x0000000084b00000, 0x0000000084b00000, 0x0000000084c00000|  0%| F|  |TAMS 0x0000000084b00000| PB 0x0000000084b00000| Untracked |  0
|  40|0x0000000084c00000, 0x0000000084c00000, 0x0000000084d00000|  0%| F|  |TAMS 0x0000000084c00000| PB 0x0000000084c00000| Untracked |  0
|  41|0x0000000084d00000, 0x0000000084d00000, 0x0000000084e00000|  0%| F|  |TAMS 0x0000000084d00000| PB 0x0000000084d00000| Untracked |  0
|  42|0x0000000084e00000, 0x0000000084e00000, 0x0000000084f00000|  0%| F|  |TAMS 0x0000000084e00000| PB 0x0000000084e00000| Untracked |  0
|  43|0x0000000084f00000, 0x0000000084f00000, 0x0000000085000000|  0%| F|  |TAMS 0x0000000084f00000| PB 0x0000000084f00000| Untracked |  0
|  44|0x0000000085000000, 0x0000000085000000, 0x0000000085100000|  0%| F|  |TAMS 0x0000000085000000| PB 0x0000000085000000| Untracked |  0
|  45|0x0000000085100000, 0x0000000085100000, 0x0000000085200000|  0%| F|  |TAMS 0x0000000085100000| PB 0x0000000085100000| Untracked |  0
|  46|0x0000000085200000, 0x0000000085200000, 0x0000000085300000|  0%| F|  |TAMS 0x0000000085200000| PB 0x0000000085200000| Untracked |  0
|  47|0x0000000085300000, 0x0000000085300000, 0x0000000085400000|  0%| F|  |TAMS 0x0000000085300000| PB 0x0000000085300000| Untracked |  0
|  48|0x0000000085400000, 0x0000000085400000, 0x0000000085500000|  0%| F|  |TAMS 0x0000000085400000| PB 0x0000000085400000| Untracked |  0
|  49|0x0000000085500000, 0x0000000085500000, 0x0000000085600000|  0%| F|  |TAMS 0x0000000085500000| PB 0x0000000085500000| Untracked |  0
|  50|0x0000000085600000, 0x0000000085600000, 0x0000000085700000|  0%| F|  |TAMS 0x0000000085600000| PB 0x0000000085600000| Untracked |  0
|  51|0x0000000085700000, 0x0000000085700000, 0x0000000085800000|  0%| F|  |TAMS 0x0000000085700000| PB 0x0000000085700000| Untracked |  0
|  52|0x0000000085800000, 0x0000000085800000, 0x0000000085900000|  0%| F|  |TAMS 0x0000000085800000| PB 0x0000000085800000| Untracked |  0
|  53|0x0000000085900000, 0x0000000085900000, 0x0000000085a00000|  0%| F|  |TAMS 0x0000000085900000| PB 0x0000000085900000| Untracked |  0
|  54|0x0000000085a00000, 0x0000000085a00000, 0x0000000085b00000|  0%| F|  |TAMS 0x0000000085a00000| PB 0x0000000085a00000| Untracked |  0
|  55|0x0000000085b00000, 0x0000000085b00000, 0x0000000085c00000|  0%| F|  |TAMS 0x0000000085b00000| PB 0x0000000085b00000| Untracked |  0
|  56|0x0000000085c00000, 0x0000000085c00000, 0x0000000085d00000|  0%| F|  |TAMS 0x0000000085c00000| PB 0x0000000085c00000| Untracked |  0
|  57|0x0000000085d00000, 0x0000000085d00000, 0x0000000085e00000|  0%| F|  |TAMS 0x0000000085d00000| PB 0x0000000085d00000| Untracked |  0
|  58|0x0000000085e00000, 0x0000000085e00000, 0x0000000085f00000|  0%| F|  |TAMS 0x0000000085e00000| PB 0x0000000085e00000| Untracked |  0
|  59|0x0000000085f00000, 0x0000000085f00000, 0x0000000086000000|  0%| F|  |TAMS 0x0000000085f00000| PB 0x0000000085f00000| Untracked |  0
|  60|0x0000000086000000, 0x000000008608ed70, 0x0000000086100000| 55%| S|CS|TAMS 0x0000000086000000| PB 0x0000000086000000| Complete |  0
|  61|0x0000000086100000, 0x0000000086100000, 0x0000000086200000|  0%| F|  |TAMS 0x0000000086100000| PB 0x0000000086100000| Untracked |  0
|  62|0x0000000086200000, 0x0000000086200000, 0x0000000086300000|  0%| F|  |TAMS 0x0000000086200000| PB 0x0000000086200000| Untracked |  0
|  63|0x0000000086300000, 0x0000000086300000, 0x0000000086400000|  0%| F|  |TAMS 0x0000000086300000| PB 0x0000000086300000| Untracked |  0
|  64|0x0000000086400000, 0x0000000086400000, 0x0000000086500000|  0%| F|  |TAMS 0x0000000086400000| PB 0x0000000086400000| Untracked |  0
|  65|0x0000000086500000, 0x0000000086500000, 0x0000000086600000|  0%| F|  |TAMS 0x0000000086500000| PB 0x0000000086500000| Untracked |  0
|  66|0x0000000086600000, 0x0000000086600000, 0x0000000086700000|  0%| F|  |TAMS 0x0000000086600000| PB 0x0000000086600000| Untracked |  0
|  67|0x0000000086700000, 0x0000000086700000, 0x0000000086800000|  0%| F|  |TAMS 0x0000000086700000| PB 0x0000000086700000| Untracked |  0
|  68|0x0000000086800000, 0x0000000086800000, 0x0000000086900000|  0%| F|  |TAMS 0x0000000086800000| PB 0x0000000086800000| Untracked |  0
|  69|0x0000000086900000, 0x0000000086900000, 0x0000000086a00000|  0%| F|  |TAMS 0x0000000086900000| PB 0x0000000086900000| Untracked |  0
|  70|0x0000000086a00000, 0x0000000086a00000, 0x0000000086b00000|  0%| F|  |TAMS 0x0000000086a00000| PB 0x0000000086a00000| Untracked |  0
|  71|0x0000000086b00000, 0x0000000086b00000, 0x0000000086c00000|  0%| F|  |TAMS 0x0000000086b00000| PB 0x0000000086b00000| Untracked |  0
|  72|0x0000000086c00000, 0x0000000086c00000, 0x0000000086d00000|  0%| F|  |TAMS 0x0000000086c00000| PB 0x0000000086c00000| Untracked |  0
|  73|0x0000000086d00000, 0x0000000086d00000, 0x0000000086e00000|  0%| F|  |TAMS 0x0000000086d00000| PB 0x0000000086d00000| Untracked |  0
|  74|0x0000000086e00000, 0x0000000086e00000, 0x0000000086f00000|  0%| F|  |TAMS 0x0000000086e00000| PB 0x0000000086e00000| Untracked |  0
|  75|0x0000000086f00000, 0x0000000087000000, 0x0000000087000000|100%| E|  |TAMS 0x0000000086f00000| PB 0x0000000086f00000| Complete |  0
|  76|0x0000000087000000, 0x0000000087100000, 0x0000000087100000|100%| E|CS|TAMS 0x0000000087000000| PB 0x0000000087000000| Complete |  0
|  77|0x0000000087100000, 0x0000000087200000, 0x0000000087200000|100%| E|CS|TAMS 0x0000000087100000| PB 0x0000000087100000| Complete |  0
|  78|0x0000000087200000, 0x0000000087300000, 0x0000000087300000|100%| E|CS|TAMS 0x0000000087200000| PB 0x0000000087200000| Complete |  0
|  79|0x0000000087300000, 0x0000000087400000, 0x0000000087400000|100%| E|CS|TAMS 0x0000000087300000| PB 0x0000000087300000| Complete |  0
|  80|0x0000000087400000, 0x0000000087500000, 0x0000000087500000|100%| E|CS|TAMS 0x0000000087400000| PB 0x0000000087400000| Complete |  0
|  81|0x0000000087500000, 0x0000000087600000, 0x0000000087600000|100%| E|CS|TAMS 0x0000000087500000| PB 0x0000000087500000| Complete |  0
|  82|0x0000000087600000, 0x0000000087700000, 0x0000000087700000|100%| E|CS|TAMS 0x0000000087600000| PB 0x0000000087600000| Complete |  0
|  83|0x0000000087700000, 0x0000000087800000, 0x0000000087800000|100%| E|CS|TAMS 0x0000000087700000| PB 0x0000000087700000| Complete |  0
|  84|0x0000000087800000, 0x0000000087900000, 0x0000000087900000|100%| E|CS|TAMS 0x0000000087800000| PB 0x0000000087800000| Complete |  0
|  85|0x0000000087900000, 0x0000000087a00000, 0x0000000087a00000|100%| E|CS|TAMS 0x0000000087900000| PB 0x0000000087900000| Complete |  0
|  86|0x0000000087a00000, 0x0000000087b00000, 0x0000000087b00000|100%| E|CS|TAMS 0x0000000087a00000| PB 0x0000000087a00000| Complete |  0
|  87|0x0000000087b00000, 0x0000000087c00000, 0x0000000087c00000|100%| E|CS|TAMS 0x0000000087b00000| PB 0x0000000087b00000| Complete |  0
|  88|0x0000000087c00000, 0x0000000087d00000, 0x0000000087d00000|100%| E|CS|TAMS 0x0000000087c00000| PB 0x0000000087c00000| Complete |  0
|  89|0x0000000087d00000, 0x0000000087e00000, 0x0000000087e00000|100%| E|CS|TAMS 0x0000000087d00000| PB 0x0000000087d00000| Complete |  0
|  90|0x0000000087e00000, 0x0000000087f00000, 0x0000000087f00000|100%| E|CS|TAMS 0x0000000087e00000| PB 0x0000000087e00000| Complete |  0
|  91|0x0000000087f00000, 0x0000000088000000, 0x0000000088000000|100%| E|CS|TAMS 0x0000000087f00000| PB 0x0000000087f00000| Complete |  0
|  92|0x0000000088000000, 0x0000000088100000, 0x0000000088100000|100%| E|CS|TAMS 0x0000000088000000| PB 0x0000000088000000| Complete |  0
|  93|0x0000000088100000, 0x0000000088200000, 0x0000000088200000|100%| E|CS|TAMS 0x0000000088100000| PB 0x0000000088100000| Complete |  0
|  94|0x0000000088200000, 0x0000000088300000, 0x0000000088300000|100%| E|CS|TAMS 0x0000000088200000| PB 0x0000000088200000| Complete |  0
|  95|0x0000000088300000, 0x0000000088400000, 0x0000000088400000|100%| E|CS|TAMS 0x0000000088300000| PB 0x0000000088300000| Complete |  0
|  96|0x0000000088400000, 0x0000000088500000, 0x0000000088500000|100%| E|CS|TAMS 0x0000000088400000| PB 0x0000000088400000| Complete |  0
|  97|0x0000000088500000, 0x0000000088600000, 0x0000000088600000|100%| E|CS|TAMS 0x0000000088500000| PB 0x0000000088500000| Complete |  0
|  98|0x0000000088600000, 0x0000000088700000, 0x0000000088700000|100%| E|CS|TAMS 0x0000000088600000| PB 0x0000000088600000| Complete |  0
|  99|0x0000000088700000, 0x0000000088800000, 0x0000000088800000|100%| E|CS|TAMS 0x0000000088700000| PB 0x0000000088700000| Complete |  0
| 100|0x0000000088800000, 0x0000000088900000, 0x0000000088900000|100%| E|CS|TAMS 0x0000000088800000| PB 0x0000000088800000| Complete |  0
| 101|0x0000000088900000, 0x0000000088a00000, 0x0000000088a00000|100%| E|CS|TAMS 0x0000000088900000| PB 0x0000000088900000| Complete |  0
| 102|0x0000000088a00000, 0x0000000088b00000, 0x0000000088b00000|100%| E|CS|TAMS 0x0000000088a00000| PB 0x0000000088a00000| Complete |  0
| 103|0x0000000088b00000, 0x0000000088c00000, 0x0000000088c00000|100%| E|CS|TAMS 0x0000000088b00000| PB 0x0000000088b00000| Complete |  0
| 104|0x0000000088c00000, 0x0000000088d00000, 0x0000000088d00000|100%| E|CS|TAMS 0x0000000088c00000| PB 0x0000000088c00000| Complete |  0
| 105|0x0000000088d00000, 0x0000000088e00000, 0x0000000088e00000|100%| E|CS|TAMS 0x0000000088d00000| PB 0x0000000088d00000| Complete |  0
| 106|0x0000000088e00000, 0x0000000088f00000, 0x0000000088f00000|100%| E|CS|TAMS 0x0000000088e00000| PB 0x0000000088e00000| Complete |  0
| 107|0x0000000088f00000, 0x0000000089000000, 0x0000000089000000|100%| E|CS|TAMS 0x0000000088f00000| PB 0x0000000088f00000| Complete |  0
| 108|0x0000000089000000, 0x0000000089100000, 0x0000000089100000|100%| E|CS|TAMS 0x0000000089000000| PB 0x0000000089000000| Complete |  0
| 109|0x0000000089100000, 0x0000000089200000, 0x0000000089200000|100%| E|CS|TAMS 0x0000000089100000| PB 0x0000000089100000| Complete |  0
| 110|0x0000000089200000, 0x0000000089300000, 0x0000000089300000|100%| E|CS|TAMS 0x0000000089200000| PB 0x0000000089200000| Complete |  0
| 111|0x0000000089300000, 0x0000000089400000, 0x0000000089400000|100%| E|CS|TAMS 0x0000000089300000| PB 0x0000000089300000| Complete |  0
| 112|0x0000000089400000, 0x0000000089500000, 0x0000000089500000|100%| E|CS|TAMS 0x0000000089400000| PB 0x0000000089400000| Complete |  0
| 113|0x0000000089500000, 0x0000000089600000, 0x0000000089600000|100%| E|CS|TAMS 0x0000000089500000| PB 0x0000000089500000| Complete |  0
| 114|0x0000000089600000, 0x0000000089700000, 0x0000000089700000|100%| E|CS|TAMS 0x0000000089600000| PB 0x0000000089600000| Complete |  0
| 115|0x0000000089700000, 0x0000000089800000, 0x0000000089800000|100%| E|CS|TAMS 0x0000000089700000| PB 0x0000000089700000| Complete |  0
| 116|0x0000000089800000, 0x0000000089900000, 0x0000000089900000|100%| E|CS|TAMS 0x0000000089800000| PB 0x0000000089800000| Complete |  0
| 117|0x0000000089900000, 0x0000000089a00000, 0x0000000089a00000|100%| E|CS|TAMS 0x0000000089900000| PB 0x0000000089900000| Complete |  0
| 118|0x0000000089a00000, 0x0000000089b00000, 0x0000000089b00000|100%| E|CS|TAMS 0x0000000089a00000| PB 0x0000000089a00000| Complete |  0
| 119|0x0000000089b00000, 0x0000000089c00000, 0x0000000089c00000|100%| E|CS|TAMS 0x0000000089b00000| PB 0x0000000089b00000| Complete |  0
| 120|0x0000000089c00000, 0x0000000089d00000, 0x0000000089d00000|100%| E|CS|TAMS 0x0000000089c00000| PB 0x0000000089c00000| Complete |  0
| 121|0x0000000089d00000, 0x0000000089e00000, 0x0000000089e00000|100%| E|CS|TAMS 0x0000000089d00000| PB 0x0000000089d00000| Complete |  0
| 122|0x0000000089e00000, 0x0000000089f00000, 0x0000000089f00000|100%| E|CS|TAMS 0x0000000089e00000| PB 0x0000000089e00000| Complete |  0
| 123|0x0000000089f00000, 0x000000008a000000, 0x000000008a000000|100%| E|CS|TAMS 0x0000000089f00000| PB 0x0000000089f00000| Complete |  0
| 124|0x000000008a000000, 0x000000008a100000, 0x000000008a100000|100%| E|CS|TAMS 0x000000008a000000| PB 0x000000008a000000| Complete |  0
| 125|0x000000008a100000, 0x000000008a200000, 0x000000008a200000|100%| E|CS|TAMS 0x000000008a100000| PB 0x000000008a100000| Complete |  0

Card table byte_map: [0x0000024cc5fa0000,0x0000024cc6390000] _byte_map_base: 0x0000024cc5b8e000

Marking Bits: (CMBitMap*) 0x0000024cae080780
 Bits: [0x0000024cc6390000, 0x0000024cc8300000)

Polling page: 0x0000024cabe20000

Metaspace:

Usage:
  Non-class:     12.47 MB used.
      Class:      1.47 MB used.
       Both:     13.94 MB used.

Virtual space:
  Non-class space:       64.00 MB reserved,      12.69 MB ( 20%) committed,  1 nodes.
      Class space:        1.00 GB reserved,       1.62 MB ( <1%) committed,  1 nodes.
             Both:        1.06 GB reserved,      14.31 MB (  1%) committed. 

Chunk freelists:
   Non-Class:  2.97 MB
       Class:  14.22 MB
        Both:  17.19 MB

MaxMetaspaceSize: unlimited
CompressedClassSpaceSize: 1.00 GB
Initial GC threshold: 21.00 MB
Current GC threshold: 21.00 MB
CDS: on
 - commit_granule_bytes: 65536.
 - commit_granule_words: 8192.
 - virtual_space_node_default_size: 8388608.
 - enlarge_chunks_in_place: 1.
 - use_allocation_guard: 0.


Internal statistics:

num_allocs_failed_limit: 0.
num_arena_births: 356.
num_arena_deaths: 0.
num_vsnodes_births: 2.
num_vsnodes_deaths: 0.
num_space_committed: 229.
num_space_uncommitted: 0.
num_chunks_returned_to_freelist: 0.
num_chunks_taken_from_freelist: 482.
num_chunk_merges: 0.
num_chunk_splits: 279.
num_chunks_enlarged: 112.
num_inconsistent_stats: 0.

CodeHeap 'non-profiled nmethods': size=120064Kb used=1716Kb max_used=1716Kb free=118347Kb
 bounds [0x0000024cbe230000, 0x0000024cbe4a0000, 0x0000024cc5770000]
CodeHeap 'profiled nmethods': size=120000Kb used=4792Kb max_used=4792Kb free=115208Kb
 bounds [0x0000024cb6770000, 0x0000024cb6c20000, 0x0000024cbdca0000]
CodeHeap 'non-nmethods': size=5696Kb used=1596Kb max_used=1665Kb free=4100Kb
 bounds [0x0000024cbdca0000, 0x0000024cbdf10000, 0x0000024cbe230000]
CodeCache: size=245760Kb, used=8104Kb, max_used=8173Kb, free=237655Kb
 total_blobs=4101, nmethods=3430, adapters=576, full_count=0
Compilation: enabled, stopped_count=0, restarted_count=0

Compilation events (20 events):
Event: 176.392 Thread 0x0000024ccad4af10 3420   !   3       com.sun.jmx.mbeanserver.ConvertingMethod::invokeWithOpenReturn (90 bytes)
Event: 176.393 Thread 0x0000024ccad4af10 nmethod 3420 0x0000024cb6c1c808 code [0x0000024cb6c1ca80, 0x0000024cb6c1d790]
Event: 176.393 Thread 0x0000024ccad4af10 3421       3       com.sun.jmx.mbeanserver.ConvertingMethod::fromOpenParameters (50 bytes)
Event: 176.393 Thread 0x0000024ccad4af10 nmethod 3421 0x0000024cb6c1d808 code [0x0000024cb6c1d960, 0x0000024cb6c1df80]
Event: 176.393 Thread 0x0000024ccad4a460 3423       4       sun.java2d.SurfaceData::canRenderParallelograms (137 bytes)
Event: 176.394 Thread 0x0000024ccad4a460 nmethod 3423 0x0000024cbe3d5308 code [0x0000024cbe3d5420, 0x0000024cbe3d55a0]
Event: 176.486 Thread 0x0000024ccad4a460 3424   !   4       sun.font.FontManagerFactory::getInstance (41 bytes)
Event: 176.487 Thread 0x0000024ccad4a460 nmethod 3424 0x0000024cbe3d5608 code [0x0000024cbe3d5700, 0x0000024cbe3d5798]
Event: 177.147 Thread 0x0000024ccad4a460 3425       4       sun.awt.windows.WComponentPeer::getGraphics (204 bytes)
Event: 177.161 Thread 0x0000024ccad4a460 nmethod 3425 0x0000024cbe3d5908 code [0x0000024cbe3d5aa0, 0x0000024cbe3d65f8]
Event: 177.161 Thread 0x0000024ccad4a460 3426   !   4       javax.swing.RepaintManager$PaintManager::paintDoubleBufferedFPScales (460 bytes)
Event: 177.410 Thread 0x0000024ccad4a460 nmethod 3426 0x0000024cbe3d6708 code [0x0000024cbe3d6bc0, 0x0000024cbe3dc3e0]
Event: 177.412 Thread 0x0000024ccad4a460 3427       4       jdk.internal.math.FloatToDecimal::toDecimal (186 bytes)
Event: 177.414 Thread 0x0000024ccad4a460 nmethod 3427 0x0000024cbe3dc708 code [0x0000024cbe3dc820, 0x0000024cbe3dc9f8]
Event: 179.468 Thread 0x0000024ccad4a460 3428       4       java.io.ObjectInputStream$BlockDataInputStream::read (62 bytes)
Event: 179.472 Thread 0x0000024ccad4a460 nmethod 3428 0x0000024cbe3dca08 code [0x0000024cbe3dcb40, 0x0000024cbe3dcd50]
Event: 179.473 Thread 0x0000024ccad4a460 3429       4       java.io.ObjectInputStream$PeekInputStream::read (47 bytes)
Event: 179.474 Thread 0x0000024ccad4a460 nmethod 3429 0x0000024cbe3dcd88 code [0x0000024cbe3dcea0, 0x0000024cbe3dcfc8]
Event: 399.943 Thread 0x0000024ccad4a460 3430       4       java.io.ObjectStreamField::getTypeCode (9 bytes)
Event: 399.945 Thread 0x0000024ccad4a460 nmethod 3430 0x0000024cbe3dd088 code [0x0000024cbe3dd1a0, 0x0000024cbe3dd2b0]

GC Heap History (10 events):
Event: 0.933 GC heap before
{Heap before GC invocations=0 (full 0):
 garbage-first heap   total reserved 2060288K, committed 129024K, used 27648K [0x0000000082400000, 0x0000000100000000)
  region size 1024K, 24 young (24576K), 0 survivors (0K)
 Metaspace       used 12634K, committed 12928K, reserved 1114112K
  class space    used 1430K, committed 1600K, reserved 1048576K
}
Event: 0.941 GC heap after
{Heap after GC invocations=1 (full 0):
 garbage-first heap   total reserved 2060288K, committed 129024K, used 9215K [0x0000000082400000, 0x0000000100000000)
  region size 1024K, 3 young (3072K), 3 survivors (3072K)
 Metaspace       used 12634K, committed 12928K, reserved 1114112K
  class space    used 1430K, committed 1600K, reserved 1048576K
}
Event: 15.310 GC heap before
{Heap before GC invocations=1 (full 0):
 garbage-first heap   total reserved 2060288K, committed 129024K, used 39935K [0x0000000082400000, 0x0000000100000000)
  region size 1024K, 25 young (25600K), 3 survivors (3072K)
 Metaspace       used 13814K, committed 14208K, reserved 1114112K
  class space    used 1484K, committed 1664K, reserved 1048576K
}
Event: 15.315 GC heap after
{Heap after GC invocations=2 (full 0):
 garbage-first heap   total reserved 2060288K, committed 129024K, used 19801K [0x0000000082400000, 0x0000000100000000)
  region size 1024K, 1 young (1024K), 1 survivors (1024K)
 Metaspace       used 13814K, committed 14208K, reserved 1114112K
  class space    used 1484K, committed 1664K, reserved 1048576K
}
Event: 55.689 GC heap before
{Heap before GC invocations=2 (full 0):
 garbage-first heap   total reserved 2060288K, committed 129024K, used 75097K [0x0000000082400000, 0x0000000100000000)
  region size 1024K, 55 young (56320K), 1 survivors (1024K)
 Metaspace       used 14016K, committed 14400K, reserved 1114112K
  class space    used 1487K, committed 1664K, reserved 1048576K
}
Event: 55.691 GC heap after
{Heap after GC invocations=3 (full 0):
 garbage-first heap   total reserved 2060288K, committed 129024K, used 19745K [0x0000000082400000, 0x0000000100000000)
  region size 1024K, 1 young (1024K), 1 survivors (1024K)
 Metaspace       used 14016K, committed 14400K, reserved 1114112K
  class space    used 1487K, committed 1664K, reserved 1048576K
}
Event: 95.938 GC heap before
{Heap before GC invocations=3 (full 0):
 garbage-first heap   total reserved 2060288K, committed 129024K, used 77089K [0x0000000082400000, 0x0000000100000000)
  region size 1024K, 57 young (58368K), 1 survivors (1024K)
 Metaspace       used 14150K, committed 14528K, reserved 1114112K
  class space    used 1490K, committed 1664K, reserved 1048576K
}
Event: 95.941 GC heap after
{Heap after GC invocations=4 (full 0):
 garbage-first heap   total reserved 2060288K, committed 129024K, used 19762K [0x0000000082400000, 0x0000000100000000)
  region size 1024K, 1 young (1024K), 1 survivors (1024K)
 Metaspace       used 14150K, committed 14528K, reserved 1114112K
  class space    used 1490K, committed 1664K, reserved 1048576K
}
Event: 144.010 GC heap before
{Heap before GC invocations=4 (full 0):
 garbage-first heap   total reserved 2060288K, committed 129024K, used 85298K [0x0000000082400000, 0x0000000100000000)
  region size 1024K, 65 young (66560K), 1 survivors (1024K)
 Metaspace       used 14213K, committed 14592K, reserved 1114112K
  class space    used 1490K, committed 1664K, reserved 1048576K
}
Event: 144.012 GC heap after
{Heap after GC invocations=5 (full 0):
 garbage-first heap   total reserved 2060288K, committed 129024K, used 19771K [0x0000000082400000, 0x0000000100000000)
  region size 1024K, 1 young (1024K), 1 survivors (1024K)
 Metaspace       used 14213K, committed 14592K, reserved 1114112K
  class space    used 1490K, committed 1664K, reserved 1048576K
}

Dll operation events (14 events):
Event: 0.017 Loaded shared library C:\Program Files\Java\jdk-23\bin\java.dll
Event: 0.061 Loaded shared library C:\Program Files\Java\jdk-23\bin\jsvml.dll
Event: 0.130 Loaded shared library C:\Program Files\Java\jdk-23\bin\zip.dll
Event: 0.136 Loaded shared library C:\Program Files\Java\jdk-23\bin\instrument.dll
Event: 0.146 Loaded shared library C:\Program Files\Java\jdk-23\bin\net.dll
Event: 0.149 Loaded shared library C:\Program Files\Java\jdk-23\bin\nio.dll
Event: 0.156 Loaded shared library C:\Program Files\Java\jdk-23\bin\zip.dll
Event: 0.186 Loaded shared library C:\Program Files\Java\jdk-23\bin\extnet.dll
Event: 0.201 Loaded shared library C:\Program Files\Java\jdk-23\bin\jimage.dll
Event: 0.205 Loaded shared library C:\Program Files\Java\jdk-23\bin\awt.dll
Event: 0.246 Loaded shared library C:\Program Files\Java\jdk-23\bin\management.dll
Event: 0.260 Loaded shared library C:\Program Files\Java\jdk-23\bin\management_ext.dll
Event: 0.539 Loaded shared library C:\Program Files\Java\jdk-23\bin\freetype.dll
Event: 0.540 Loaded shared library C:\Program Files\Java\jdk-23\bin\fontmanager.dll

Deoptimization events (20 events):
Event: 165.455 Thread 0x0000024d107625e0 Uncommon trap: trap_request=0xffffffde fr.pc=0x0000024cbe357f28 relative=0x0000000000000e48
Event: 165.455 Thread 0x0000024d107625e0 Uncommon trap: reason=class_check action=maybe_recompile pc=0x0000024cbe357f28 method=java.awt.geom.Path2D$Float.append(Ljava/awt/geom/PathIterator;Z)V @ 6 c2
Event: 165.455 Thread 0x0000024d107625e0 DEOPT PACKING pc=0x0000024cbe357f28 sp=0x000000a3cc2fde70
Event: 165.455 Thread 0x0000024d107625e0 DEOPT UNPACKING pc=0x0000024cbdcf4402 sp=0x000000a3cc2fde40 mode 2
Event: 165.455 Thread 0x0000024d107625e0 Uncommon trap: trap_request=0xffffffde fr.pc=0x0000024cbe357f28 relative=0x0000000000000e48
Event: 165.455 Thread 0x0000024d107625e0 Uncommon trap: reason=class_check action=maybe_recompile pc=0x0000024cbe357f28 method=java.awt.geom.Path2D$Float.append(Ljava/awt/geom/PathIterator;Z)V @ 6 c2
Event: 165.455 Thread 0x0000024d107625e0 DEOPT PACKING pc=0x0000024cbe357f28 sp=0x000000a3cc2fde70
Event: 165.455 Thread 0x0000024d107625e0 DEOPT UNPACKING pc=0x0000024cbdcf4402 sp=0x000000a3cc2fde40 mode 2
Event: 165.455 Thread 0x0000024d107625e0 Uncommon trap: trap_request=0xffffff45 fr.pc=0x0000024cbe31f438 relative=0x0000000000000638
Event: 165.455 Thread 0x0000024d107625e0 Uncommon trap: reason=unstable_if action=reinterpret pc=0x0000024cbe31f438 method=sun.java2d.pipe.Region.isInsideXYXY(IIII)Z @ 13 c2
Event: 165.455 Thread 0x0000024d107625e0 DEOPT PACKING pc=0x0000024cbe31f438 sp=0x000000a3cc2fe360
Event: 165.455 Thread 0x0000024d107625e0 DEOPT UNPACKING pc=0x0000024cbdcf4402 sp=0x000000a3cc2fe0b8 mode 2
Event: 165.455 Thread 0x0000024d107625e0 Uncommon trap: trap_request=0xffffff45 fr.pc=0x0000024cbe2d7080 relative=0x0000000000000140
Event: 165.455 Thread 0x0000024d107625e0 Uncommon trap: reason=unstable_if action=reinterpret pc=0x0000024cbe2d7080 method=java.awt.geom.AffineTransform.translate(DD)V @ 533 c2
Event: 165.455 Thread 0x0000024d107625e0 DEOPT PACKING pc=0x0000024cbe2d7080 sp=0x000000a3cc2fe4a0
Event: 165.455 Thread 0x0000024d107625e0 DEOPT UNPACKING pc=0x0000024cbdcf4402 sp=0x000000a3cc2fe428 mode 2
Event: 166.660 Thread 0x0000024d10b84290 Uncommon trap: trap_request=0xffffff45 fr.pc=0x0000024cbe38fd18 relative=0x0000000000000098
Event: 166.660 Thread 0x0000024d10b84290 Uncommon trap: reason=unstable_if action=reinterpret pc=0x0000024cbe38fd18 method=java.io.ObjectInputStream$BlockDataInputStream.setBlockDataMode(Z)Z @ 5 c2
Event: 166.660 Thread 0x0000024d10b84290 DEOPT PACKING pc=0x0000024cbe38fd18 sp=0x000000a3cc7fddf0
Event: 166.660 Thread 0x0000024d10b84290 DEOPT UNPACKING pc=0x0000024cbdcf4402 sp=0x000000a3cc7fdd78 mode 2

Classes loaded (20 events):
Event: 1.499 Loading class java/awt/Toolkit$SelectiveAWTEventListener
Event: 1.500 Loading class java/awt/Toolkit$SelectiveAWTEventListener done
Event: 1.500 Loading class java/awt/Toolkit$ToolkitEventMulticaster
Event: 1.500 Loading class java/awt/Toolkit$ToolkitEventMulticaster done
Event: 1.615 Loading class java/awt/LightweightDispatcher$2
Event: 1.615 Loading class java/awt/LightweightDispatcher$2 done
Event: 31.024 Loading class java/security/DomainCombiner
Event: 31.024 Loading class java/security/DomainCombiner done
Event: 35.063 Loading class java/awt/event/MouseWheelEvent
Event: 35.063 Loading class java/awt/event/MouseWheelEvent done
Event: 145.634 Loading class java/awt/Canvas
Event: 145.636 Loading class java/awt/Canvas done
Event: 145.636 Loading class java/awt/Scrollbar
Event: 145.637 Loading class java/awt/Adjustable
Event: 145.637 Loading class java/awt/Adjustable done
Event: 145.637 Loading class java/awt/Scrollbar done
Event: 178.872 Loading class java/awt/desktop/SystemSleepListener
Event: 178.875 Loading class java/awt/desktop/SystemEventListener
Event: 178.876 Loading class java/awt/desktop/SystemEventListener done
Event: 178.876 Loading class java/awt/desktop/SystemSleepListener done

Classes unloaded (0 events):
No events

Classes redefined (0 events):
No events

Internal exceptions (20 events):
Event: 0.602 Thread 0x0000024ccad394b0 Exception <a 'java/lang/NoSuchMethodError'{0x0000000089143dc8}: 'java.lang.Object java.lang.invoke.DirectMethodHandle$Holder.invokeStaticInit(java.lang.Object, int, int, int, int)'> (0x0000000089143dc8) 
thrown [s\open\src\hotspot\share\interpreter\linkResolver.cpp, line 796]
Event: 0.632 Thread 0x0000024ccad394b0 Exception <a 'java/lang/NoSuchMethodError'{0x0000000089018be0}: 'java.lang.Object java.lang.invoke.DirectMethodHandle$Holder.invokeStaticInit(java.lang.Object, java.lang.Object, int, int, int, int)'> (0x0000000089018be0) 
thrown [s\open\src\hotspot\share\interpreter\linkResolver.cpp, line 796]
Event: 0.656 Thread 0x0000024ccad394b0 Exception <a 'java/lang/ClassNotFoundException'{0x0000000089034a28}: javax/management/remote/rmi/RMIServerImpl_Skel> (0x0000000089034a28) 
thrown [s\open\src\hotspot\share\classfile\systemDictionary.cpp, line 313]
Event: 0.677 Thread 0x0000024ccad394b0 Exception <a 'java/lang/NoSuchMethodError'{0x0000000089050180}: 'long java.lang.invoke.DirectMethodHandle$Holder.invokeSpecial(java.lang.Object, java.lang.Object)'> (0x0000000089050180) 
thrown [s\open\src\hotspot\share\interpreter\linkResolver.cpp, line 796]
Event: 0.678 Thread 0x0000024ccad394b0 Exception <a 'java/lang/NoSuchMethodError'{0x0000000089053870}: 'long java.lang.invoke.Invokers$Holder.invokeExact_MT(java.lang.Object, java.lang.Object)'> (0x0000000089053870) 
thrown [s\open\src\hotspot\share\interpreter\linkResolver.cpp, line 796]
Event: 0.727 Thread 0x0000024d10b84290 Exception <a 'java/lang/NoSuchMethodError'{0x0000000088f55d58}: static [B.<clinit>()V> (0x0000000088f55d58) 
thrown [s\open\src\hotspot\share\prims\jni.cpp, line 1111]
Event: 0.728 Thread 0x0000024d10b84290 Exception <a 'java/lang/NoSuchMethodError'{0x0000000088f59f08}: 'java.lang.Object java.lang.invoke.DirectMethodHandle$Holder.invokeInterface(java.lang.Object, java.lang.Object, java.lang.Object)'> (0x0000000088f59f08) 
thrown [s\open\src\hotspot\share\interpreter\linkResolver.cpp, line 796]
Event: 0.738 Thread 0x0000024d10b84290 Exception <a 'java/lang/ClassNotFoundException'{0x0000000088e04ce8}: javax/management/remote/rmi/RMIConnectionImpl_Skel> (0x0000000088e04ce8) 
thrown [s\open\src\hotspot\share\classfile\systemDictionary.cpp, line 313]
Event: 0.743 Thread 0x0000024d10c635d0 Exception <a 'java/lang/NoSuchMethodError'{0x0000000088ea7450}: 'java.lang.Object java.lang.invoke.Invokers$Holder.linkToTargetMethod(java.lang.Object, long, java.lang.Object)'> (0x0000000088ea7450) 
thrown [s\open\src\hotspot\share\interpreter\linkResolver.cpp, line 796]
Event: 0.748 Thread 0x0000024d10b84290 Exception <a 'java/lang/NoSuchMethodError'{0x0000000088e242b8}: 'java.lang.Object java.lang.invoke.DirectMethodHandle$Holder.invokeInterface(java.lang.Object, java.lang.Object)'> (0x0000000088e242b8) 
thrown [s\open\src\hotspot\share\interpreter\linkResolver.cpp, line 796]
Event: 0.749 Thread 0x0000024d107625e0 Exception <a 'java/io/FileNotFoundException'{0x0000000088d1a258}> (0x0000000088d1a258) 
thrown [s\open\src\hotspot\share\prims\jni.cpp, line 520]
Event: 0.753 Thread 0x0000024d10b84290 Exception <a 'java/lang/NoSuchMethodError'{0x0000000088e3fd30}: 'int java.lang.invoke.DelegatingMethodHandle$Holder.reinvoke_L(java.lang.Object, java.lang.Object, java.lang.Object, java.lang.Object, java.lang.Object)'> (0x0000000088e3fd30) 
thrown [s\open\src\hotspot\share\interpreter\linkResolver.cpp, line 796]
Event: 0.759 Thread 0x0000024d10b84290 Exception <a 'java/lang/NoSuchMethodError'{0x0000000088e5b9b8}: 'java.lang.Object java.lang.invoke.DirectMethodHandle$Holder.invokeInterface(java.lang.Object, java.lang.Object, java.lang.Object, java.lang.Object, java.lang.Object)'> (0x0000000088e5b9b8) 
thrown [s\open\src\hotspot\share\interpreter\linkResolver.cpp, line 796]
Event: 0.764 Thread 0x0000024d10b84290 Exception <a 'java/lang/NoSuchMethodError'{0x0000000088d829b0}: 'double java.lang.invoke.DirectMethodHandle$Holder.invokeInterface(java.lang.Object, java.lang.Object)'> (0x0000000088d829b0) 
thrown [s\open\src\hotspot\share\interpreter\linkResolver.cpp, line 796]
Event: 0.764 Thread 0x0000024d10b84290 Exception <a 'java/lang/NoSuchMethodError'{0x0000000088d8a380}: 'double java.lang.invoke.DelegatingMethodHandle$Holder.reinvoke_L(java.lang.Object, java.lang.Object)'> (0x0000000088d8a380) 
thrown [s\open\src\hotspot\share\interpreter\linkResolver.cpp, line 796]
Event: 0.808 Thread 0x0000024d107625e0 Exception <a 'java/io/FileNotFoundException'{0x0000000088cfdcc8}> (0x0000000088cfdcc8) 
thrown [s\open\src\hotspot\share\prims\jni.cpp, line 520]
Event: 1.320 Thread 0x0000024d10b84290 Exception <a 'java/lang/NoSuchMethodError'{0x0000000089e60918}: 'long java.lang.invoke.DirectMethodHandle$Holder.invokeVirtual(java.lang.Object, java.lang.Object)'> (0x0000000089e60918) 
thrown [s\open\src\hotspot\share\interpreter\linkResolver.cpp, line 796]
Event: 1.320 Thread 0x0000024d10b84290 Exception <a 'java/lang/NoSuchMethodError'{0x0000000089e63f10}: 'long java.lang.invoke.DelegatingMethodHandle$Holder.reinvoke_L(java.lang.Object, java.lang.Object)'> (0x0000000089e63f10) 
thrown [s\open\src\hotspot\share\interpreter\linkResolver.cpp, line 796]
Event: 2.357 Thread 0x0000024d107625e0 Implicit null exception at 0x0000024cbe2d2b6f to 0x0000024cbe2d2d7c
Event: 144.741 Thread 0x0000024d107625e0 Implicit null exception at 0x0000024cbe398ae5 to 0x0000024cbe39a410

VM Operations (20 events):
Event: 15.310 Executing VM operation: G1CollectForAllocation (G1 Evacuation Pause)
Event: 15.315 Executing VM operation: G1CollectForAllocation (G1 Evacuation Pause) done
Event: 55.689 Executing VM operation: G1CollectForAllocation (G1 Evacuation Pause)
Event: 55.691 Executing VM operation: G1CollectForAllocation (G1 Evacuation Pause) done
Event: 60.054 Executing VM operation: HandshakeAllThreads (HandshakeForDeflation)
Event: 60.054 Executing VM operation: HandshakeAllThreads (HandshakeForDeflation) done
Event: 60.054 Executing VM operation: RendezvousGCThreads
Event: 60.054 Executing VM operation: RendezvousGCThreads done
Event: 95.938 Executing VM operation: G1CollectForAllocation (G1 Evacuation Pause)
Event: 95.941 Executing VM operation: G1CollectForAllocation (G1 Evacuation Pause) done
Event: 120.081 Executing VM operation: HandshakeAllThreads (HandshakeForDeflation)
Event: 120.081 Executing VM operation: HandshakeAllThreads (HandshakeForDeflation) done
Event: 120.081 Executing VM operation: RendezvousGCThreads
Event: 120.081 Executing VM operation: RendezvousGCThreads done
Event: 144.010 Executing VM operation: G1CollectForAllocation (G1 Evacuation Pause)
Event: 144.012 Executing VM operation: G1CollectForAllocation (G1 Evacuation Pause) done
Event: 180.104 Executing VM operation: HandshakeAllThreads (HandshakeForDeflation)
Event: 180.104 Executing VM operation: HandshakeAllThreads (HandshakeForDeflation) done
Event: 180.105 Executing VM operation: RendezvousGCThreads
Event: 180.105 Executing VM operation: RendezvousGCThreads done

Memory protections (0 events):
No events

Nmethod flushes (0 events):
No events

Events (20 events):
Event: 0.058 Thread 0x0000024cae029bf0 Thread added: 0x0000024ccad4a460
Event: 0.058 Thread 0x0000024cae029bf0 Thread added: 0x0000024ccad4af10
Event: 0.092 Thread 0x0000024cae029bf0 Thread added: 0x0000024ccad05cc0
Event: 0.170 Thread 0x0000024cae029bf0 Thread added: 0x0000024d1023c7b0
Event: 0.170 Thread 0x0000024cae029bf0 Thread added: 0x0000024d1023ce20
Event: 0.275 Thread 0x0000024cae029bf0 Thread added: 0x0000024d107403e0
Event: 0.277 Thread 0x0000024cae029bf0 Thread added: 0x0000024d10747fc0
Event: 0.278 Thread 0x0000024cae029bf0 Thread added: 0x0000024d10748ca0
Event: 0.290 Thread 0x0000024cae029bf0 Thread added: 0x0000024d107625e0
Event: 0.290 Thread 0x0000024cae029bf0 Thread exited: 0x0000024cae029bf0
Event: 0.290 Thread 0x0000024cae029bf0 Thread added: 0x0000024cae029bf0
Event: 0.375 Thread 0x0000024ccad4af10 Thread added: 0x0000024d1083af30
Event: 0.461 Thread 0x0000024ccad4a460 Thread added: 0x0000024d108d9360
Event: 0.480 Thread 0x0000024d107625e0 Thread added: 0x0000024d10935550
Event: 0.670 Thread 0x0000024ccad394b0 Thread added: 0x0000024d10b24db0
Event: 0.691 Thread 0x0000024d10b24db0 Thread added: 0x0000024d10b84290
Event: 0.725 Thread 0x0000024d10b84290 Thread added: 0x0000024d10c642f0
Event: 0.735 Thread 0x0000024d10b84290 Thread added: 0x0000024d10c635d0
Event: 1.172 Thread 0x0000024d108d9360 Thread exited: 0x0000024d108d9360
Event: 1.452 Thread 0x0000024d1083af30 Thread exited: 0x0000024d1083af30


Dynamic libraries:
0x00007ff6d8190000 - 0x00007ff6d81a0000 	C:\Program Files\Java\jdk-23\bin\java.exe
0x00007ffeef0e0000 - 0x00007ffeef348000 	C:\WINDOWS\SYSTEM32\ntdll.dll
0x00007ffeed0c0000 - 0x00007ffeed189000 	C:\WINDOWS\System32\KERNEL32.DLL
0x00007ffeeca80000 - 0x00007ffeece78000 	C:\WINDOWS\System32\KERNELBASE.dll
0x00007ffeec700000 - 0x00007ffeec84b000 	C:\WINDOWS\System32\ucrtbase.dll
0x00007ffee31f0000 - 0x00007ffee320b000 	C:\Program Files\Java\jdk-23\bin\VCRUNTIME140.dll
0x00007ffee3270000 - 0x00007ffee3287000 	C:\Program Files\Java\jdk-23\bin\jli.dll
0x00007ffeedb10000 - 0x00007ffeedcd7000 	C:\WINDOWS\System32\USER32.dll
0x00007ffed4630000 - 0x00007ffed48c4000 	C:\WINDOWS\WinSxS\amd64_microsoft.windows.common-controls_6595b64144ccf1df_6.0.26100.7019_none_3e06ffa0e335b8a8\COMCTL32.dll
0x00007ffeec2e0000 - 0x00007ffeec307000 	C:\WINDOWS\System32\win32u.dll
0x00007ffeecee0000 - 0x00007ffeecf89000 	C:\WINDOWS\System32\msvcrt.dll
0x00007ffeee170000 - 0x00007ffeee19b000 	C:\WINDOWS\System32\GDI32.dll
0x00007ffeec3a0000 - 0x00007ffeec4cc000 	C:\WINDOWS\System32\gdi32full.dll
0x00007ffeec850000 - 0x00007ffeec8f3000 	C:\WINDOWS\System32\msvcp_win.dll
0x00007ffeed2b0000 - 0x00007ffeed2e1000 	C:\WINDOWS\System32\IMM32.DLL
0x00007ffee5b80000 - 0x00007ffee5b8c000 	C:\Program Files\Java\jdk-23\bin\vcruntime140_1.dll
0x00007ffed6210000 - 0x00007ffed629e000 	C:\Program Files\Java\jdk-23\bin\msvcp140.dll
0x00007ffe81ae0000 - 0x00007ffe82830000 	C:\Program Files\Java\jdk-23\bin\server\jvm.dll
0x00007ffeee5b0000 - 0x00007ffeee664000 	C:\WINDOWS\System32\ADVAPI32.dll
0x00007ffeee810000 - 0x00007ffeee8b6000 	C:\WINDOWS\System32\sechost.dll
0x00007ffeed9f0000 - 0x00007ffeedb08000 	C:\WINDOWS\System32\RPCRT4.dll
0x00007ffeee790000 - 0x00007ffeee804000 	C:\WINDOWS\System32\WS2_32.dll
0x00007ffeec090000 - 0x00007ffeec0ee000 	C:\WINDOWS\SYSTEM32\POWRPROF.dll
0x00007ffedf830000 - 0x00007ffedf83b000 	C:\WINDOWS\SYSTEM32\VERSION.dll
0x00007ffec5980000 - 0x00007ffec59b5000 	C:\WINDOWS\SYSTEM32\WINMM.dll
0x00007ffeec070000 - 0x00007ffeec084000 	C:\WINDOWS\SYSTEM32\UMPDC.dll
0x00007ffeeaff0000 - 0x00007ffeeb00b000 	C:\WINDOWS\SYSTEM32\kernel.appcore.dll
0x00007ffee3260000 - 0x00007ffee326a000 	C:\Program Files\Java\jdk-23\bin\jimage.dll
0x00007ffee6b00000 - 0x00007ffee6d42000 	C:\WINDOWS\SYSTEM32\DBGHELP.DLL
0x00007ffeedde0000 - 0x00007ffeee16b000 	C:\WINDOWS\System32\combase.dll
0x00007ffeee4b0000 - 0x00007ffeee587000 	C:\WINDOWS\System32\OLEAUT32.dll
0x00007ffec4290000 - 0x00007ffec42cc000 	C:\WINDOWS\SYSTEM32\dbgcore.DLL
0x00007ffeec230000 - 0x00007ffeec2d5000 	C:\WINDOWS\System32\bcryptPrimitives.dll
0x00007ffee31e0000 - 0x00007ffee31ef000 	C:\Program Files\Java\jdk-23\bin\instrument.dll
0x00007ffee1c90000 - 0x00007ffee1cae000 	C:\Program Files\Java\jdk-23\bin\java.dll
0x00007ffeee1a0000 - 0x00007ffeee337000 	C:\WINDOWS\System32\ole32.dll
0x00007ffeee940000 - 0x00007ffeef08f000 	C:\WINDOWS\System32\SHELL32.dll
0x00007ffeec4d0000 - 0x00007ffeec63b000 	C:\WINDOWS\System32\wintypes.dll
0x00007ffee9e90000 - 0x00007ffeea6ed000 	C:\WINDOWS\SYSTEM32\windows.storage.dll
0x00007ffeee670000 - 0x00007ffeee762000 	C:\WINDOWS\System32\SHCORE.dll
0x00007ffeed050000 - 0x00007ffeed0b7000 	C:\WINDOWS\System32\shlwapi.dll
0x00007ffeec150000 - 0x00007ffeec179000 	C:\WINDOWS\SYSTEM32\profapi.dll
0x00007ffebfa30000 - 0x00007ffebfb07000 	C:\Program Files\Java\jdk-23\bin\jsvml.dll
0x00007ffee1cd0000 - 0x00007ffee1ce7000 	C:\Program Files\Java\jdk-23\bin\zip.dll
0x00007ffee31d0000 - 0x00007ffee31e0000 	C:\Program Files\Java\jdk-23\bin\net.dll
0x00007ffeeb560000 - 0x00007ffeeb5cb000 	C:\WINDOWS\system32\mswsock.dll
0x00007ffee31b0000 - 0x00007ffee31c6000 	C:\Program Files\Java\jdk-23\bin\nio.dll
0x00007ffee1d60000 - 0x00007ffee1d69000 	C:\Program Files\Java\jdk-23\bin\extnet.dll
0x00007ffeb1c40000 - 0x00007ffeb1dce000 	C:\Program Files\Java\jdk-23\bin\awt.dll
0x00007ffee5b90000 - 0x00007ffee5c2f000 	C:\WINDOWS\SYSTEM32\apphelp.dll
0x00007ffeeaa90000 - 0x00007ffeeabbc000 	C:\WINDOWS\SYSTEM32\DNSAPI.dll
0x00007ffeeaa00000 - 0x00007ffeeaa34000 	C:\WINDOWS\SYSTEM32\IPHLPAPI.DLL
0x00007ffeeced0000 - 0x00007ffeeceda000 	C:\WINDOWS\System32\NSI.dll
0x00007ffed8730000 - 0x00007ffed873b000 	C:\Windows\System32\rasadhlp.dll
0x00007ffedc110000 - 0x00007ffedc196000 	C:\WINDOWS\System32\fwpuclnt.dll
0x00007ffee1d40000 - 0x00007ffee1d4a000 	C:\Program Files\Java\jdk-23\bin\management.dll
0x00007ffedc440000 - 0x00007ffedc44b000 	C:\Program Files\Java\jdk-23\bin\management_ext.dll
0x00007ffeee770000 - 0x00007ffeee778000 	C:\WINDOWS\System32\PSAPI.DLL
0x00007ffee6000000 - 0x00007ffee60aa000 	C:\WINDOWS\system32\uxtheme.dll
0x00007ffeee340000 - 0x00007ffeee49e000 	C:\WINDOWS\System32\MSCTF.dll
0x00007ffee6290000 - 0x00007ffee62c0000 	C:\WINDOWS\system32\DWMAPI.DLL
0x00007ffec2970000 - 0x00007ffec2a7c000 	C:\WINDOWS\system32\opengl32.dll
0x00007ffec3260000 - 0x00007ffec328d000 	C:\WINDOWS\SYSTEM32\GLU32.dll
0x00007ffee60e0000 - 0x00007ffee6123000 	C:\WINDOWS\SYSTEM32\dxcore.dll
0x00007ffec2f70000 - 0x00007ffec2ff7000 	C:\Program Files\Java\jdk-23\bin\freetype.dll
0x00007ffebf540000 - 0x00007ffebf617000 	C:\Program Files\Java\jdk-23\bin\fontmanager.dll
0x00007ffeeb820000 - 0x00007ffeeb83b000 	C:\WINDOWS\SYSTEM32\CRYPTSP.dll
0x00007ffeeaf50000 - 0x00007ffeeaf8a000 	C:\WINDOWS\system32\rsaenh.dll
0x00007ffeeb610000 - 0x00007ffeeb63b000 	C:\WINDOWS\SYSTEM32\USERENV.dll
0x00007ffeec120000 - 0x00007ffeec14a000 	C:\WINDOWS\SYSTEM32\bcrypt.dll
0x00007ffeeb840000 - 0x00007ffeeb84c000 	C:\WINDOWS\SYSTEM32\CRYPTBASE.dll
0x00007ffec1d60000 - 0x00007ffec1ea7000 	C:\WINDOWS\SYSTEM32\textinputframework.dll
0x00007ffe68540000 - 0x00007ffe68558000 	C:\WINDOWS\system32\napinsp.dll
0x00007ffe68520000 - 0x00007ffe68532000 	C:\WINDOWS\System32\winrnr.dll
0x00007ffe94d50000 - 0x00007ffe94d72000 	C:\WINDOWS\system32\nlansp_c.dll
0x00007ffebb690000 - 0x00007ffebb6a6000 	C:\WINDOWS\system32\wshbth.dll
0x00007ffed4fb0000 - 0x00007ffed5006000 	C:\WINDOWS\SYSTEM32\pdh.dll
0x00007ffee57d0000 - 0x00007ffee58f7000 	C:\WINDOWS\SYSTEM32\CoreMessaging.dll
0x00007ffee2900000 - 0x00007ffee2be2000 	C:\WINDOWS\SYSTEM32\CoreUIComponents.dll
0x00007ffee32e0000 - 0x00007ffee32f2000 	C:\WINDOWS\System32\perfproc.dll

dbghelp: loaded successfully - version: 4.0.5 - missing functions: none
symbol engine: initialized successfully - sym options: 0x614 - pdb path: .;C:\Program Files\Java\jdk-23\bin;C:\WINDOWS\SYSTEM32;C:\WINDOWS\WinSxS\amd64_microsoft.windows.common-controls_6595b64144ccf1df_6.0.26100.7019_none_3e06ffa0e335b8a8;C:\Program Files\Java\jdk-23\bin\server

VM Arguments:
jvm_args: -javaagent:C:\Program Files\JetBrains\IntelliJ IDEA 2024.3.5\lib\idea_rt.jar=64742 -Dfile.encoding=UTF-8 -Dsun.stdout.encoding=UTF-8 -Dsun.stderr.encoding=UTF-8 
java_command: Owocobranie
java_class_path (initial): C:\Users\teres\IdeaProjects\Owocobranie_Gra\out\production\Owocobranie_Gra
Launcher Type: SUN_STANDARD

[Global flags]
     intx CICompilerCount                          = 4                                         {product} {ergonomic}
     uint ConcGCThreads                            = 2                                         {product} {ergonomic}
     uint G1ConcRefinementThreads                  = 8                                         {product} {ergonomic}
   size_t G1HeapRegionSize                         = 1048576                                   {product} {ergonomic}
   size_t InitialHeapSize                          = 132120576                                 {product} {ergonomic}
   size_t MarkStackSize                            = 4194304                                   {product} {ergonomic}
   size_t MarkStackSizeMax                         = 536870912                                 {product} {ergonomic}
   size_t MaxHeapSize                              = 2109734912                                {product} {ergonomic}
   size_t MaxNewSize                               = 1265631232                                {product} {ergonomic}
   size_t MinHeapDeltaBytes                        = 1048576                                   {product} {ergonomic}
   size_t MinHeapSize                              = 8388608                                   {product} {ergonomic}
    uintx NonNMethodCodeHeapSize                   = 5832704                                {pd product} {ergonomic}
    uintx NonProfiledCodeHeapSize                  = 122945536                              {pd product} {ergonomic}
    uintx ProfiledCodeHeapSize                     = 122880000                              {pd product} {ergonomic}
    uintx ReservedCodeCacheSize                    = 251658240                              {pd product} {ergonomic}
     bool SegmentedCodeCache                       = true                                      {product} {ergonomic}
   size_t SoftMaxHeapSize                          = 2109734912                             {manageable} {ergonomic}
     bool UseCompressedOops                        = true                           {product lp64_product} {ergonomic}
     bool UseG1GC                                  = true                                      {product} {ergonomic}
     bool UseLargePagesIndividualAllocation        = false                                  {pd product} {ergonomic}

Logging:
Log output configuration:
 #0: stdout all=warning uptime,level,tags foldmultilines=false
 #1: stderr all=off uptime,level,tags foldmultilines=false

Environment Variables:
PATH=C:\Program Files\Common Files\Oracle\Java\javapath;C:\Windows\system32;C:\Windows;C:\Windows\System32\Wbem;C:\Windows\System32\WindowsPowerShell\v1.0\;C:\Windows\System32\OpenSSH\;C:\Program Files (x86)\NVIDIA Corporation\PhysX\Common;C:\WINDOWS\system32;C:\WINDOWS;C:\WINDOWS\System32\Wbem;C:\WINDOWS\System32\WindowsPowerShell\v1.0\;C:\WINDOWS\System32\OpenSSH\;C:\Program Files\Microsoft SQL Server\150\Tools\Binn\;C:\Program Files\Git\cmd;C:\Users\teres\AppData\Local\Programs\Python\Python311\Scripts\;C:\Users\teres\AppData\Local\Programs\Python\Python311\;C:\Users\teres\AppData\Local\Microsoft\WindowsApps;C:\Users\teres\.dotnet\tools;C:\Users\teres\AppData\Local\GitHubDesktop\bin;C:\Users\teres\AppData\Local\Programs\Microsoft VS Code\bin;C:\Users\teres\AppData\Local\Microsoft\WindowsApps;
USERNAME=teres
OS=Windows_NT
PROCESSOR_IDENTIFIER=Intel64 Family 6 Model 142 Stepping 12, GenuineIntel
TMP=C:\Users\teres\AppData\Local\Temp
TEMP=C:\Users\teres\AppData\Local\Temp




Periodic native trim disabled

---------------  S Y S T E M  ---------------

OS:
 Windows 11 , 64 bit Build 26100 (10.0.26100.7019)
OS uptime: 9 days 8:40 hours

CPU: total 8 (initial active 8) (4 cores per cpu, 2 threads per core) family 6 model 142 stepping 12 microcode 0xde, cx8, cmov, fxsr, ht, mmx, 3dnowpref, sse, sse2, sse3, ssse3, sse4.1, sse4.2, popcnt, lzcnt, tsc, tscinvbit, avx, avx2, aes, erms, clmul, bmi1, bmi2, adx, fma, vzeroupper, clflush, clflushopt, rdtscp, f16c
Processor Information for the first 8 processors :
  Max Mhz: 1800, Current Mhz: 1600, Mhz Limit: 1584

Memory: 4k page, system-wide physical 8043M (618M free)
TotalPageFile size 20843M (AvailPageFile size 7611M)
current process WorkingSet (physical memory assigned to process): 70M, peak: 200M
current process commit charge ("private bytes"): 254M, peak: 274M

vm_info: Java HotSpot(TM) 64-Bit Server VM (23.0.2+7-58) for windows-amd64 JRE (23.0.2+7-58), built on 2024-11-29T09:34:55Z with MS VC++ 17.6 (VS2022)

END.
